<?xml version="1.0" encoding="UTF-8"?>
<coverage generated="1750273857775" clover="3.2.0">
  <project timestamp="1750273857776" name="All files">
    <metrics statements="283" coveredstatements="279" conditionals="232" coveredconditionals="202" methods="82" coveredmethods="79" elements="597" coveredelements="560" complexity="0" loc="283" ncloc="283" packages="5" files="8" classes="8"/>
    <package name="src">
      <metrics statements="20" coveredstatements="19" conditionals="8" coveredconditionals="7" methods="6" coveredmethods="5"/>
      <file name="App.tsx" path="/home/ubuntu/battleship-game/battleship-frontend/src/App.tsx">
        <metrics statements="20" coveredstatements="19" conditionals="8" coveredconditionals="7" methods="6" coveredmethods="5"/>
        <line num="1" count="2" type="stmt"/>
        <line num="2" count="2" type="stmt"/>
        <line num="3" count="2" type="stmt"/>
        <line num="4" count="2" type="stmt"/>
        <line num="5" count="2" type="stmt"/>
        <line num="6" count="2" type="stmt"/>
        <line num="7" count="2" type="stmt"/>
        <line num="16" count="6" type="stmt"/>
        <line num="18" count="6" type="stmt"/>
        <line num="19" count="6" type="stmt"/>
        <line num="22" count="6" type="stmt"/>
        <line num="23" count="0" type="stmt"/>
        <line num="26" count="6" type="stmt"/>
        <line num="27" count="1" type="stmt"/>
        <line num="28" count="1" type="cond" truecount="1" falsecount="1"/>
        <line num="29" count="1" type="stmt"/>
        <line num="33" count="6" type="stmt"/>
        <line num="34" count="1" type="stmt"/>
        <line num="37" count="6" type="stmt"/>
        <line num="93" count="2" type="stmt"/>
      </file>
    </package>
    <package name="src.components">
      <metrics statements="152" coveredstatements="151" conditionals="147" coveredconditionals="132" methods="51" coveredmethods="49"/>
      <file name="BattleScreen.tsx" path="/home/ubuntu/battleship-game/battleship-frontend/src/components/BattleScreen.tsx">
        <metrics statements="66" coveredstatements="66" conditionals="54" coveredconditionals="47" methods="15" coveredmethods="15"/>
        <line num="1" count="5" type="stmt"/>
        <line num="2" count="5" type="stmt"/>
        <line num="3" count="5" type="stmt"/>
        <line num="4" count="5" type="stmt"/>
        <line num="5" count="5" type="stmt"/>
        <line num="8" count="5" type="stmt"/>
        <line num="15" count="16" type="stmt"/>
        <line num="17" count="16" type="stmt"/>
        <line num="18" count="1" type="cond" truecount="1" falsecount="1"/>
        <line num="19" count="1" type="stmt"/>
        <line num="23" count="16" type="stmt"/>
        <line num="24" count="16" type="cond" truecount="2" falsecount="0"/>
        <line num="25" count="6" type="stmt"/>
        <line num="26" count="5" type="stmt"/>
        <line num="27" count="5" type="cond" truecount="1" falsecount="1"/>
        <line num="28" count="5" type="stmt"/>
        <line num="32" count="6" type="stmt"/>
        <line num="36" count="16" type="stmt"/>
        <line num="37" count="5" type="stmt"/>
        <line num="38" count="5" type="stmt"/>
        <line num="40" count="5" type="stmt"/>
        <line num="41" count="52" type="stmt"/>
        <line num="42" count="52" type="cond" truecount="2" falsecount="0"/>
        <line num="45" count="5" type="cond" truecount="2" falsecount="0"/>
        <line num="46" count="2" type="stmt"/>
        <line num="47" count="2" type="stmt"/>
        <line num="49" count="2" type="stmt"/>
        <line num="50" count="2" type="stmt"/>
        <line num="51" count="2" type="cond" truecount="1" falsecount="1"/>
        <line num="54" count="2" type="cond" truecount="1" falsecount="1"/>
        <line num="55" count="2" type="stmt"/>
        <line num="61" count="3" type="stmt"/>
        <line num="63" count="3" type="stmt"/>
        <line num="64" count="30" type="stmt"/>
        <line num="65" count="300" type="stmt"/>
        <line num="66" count="3775" type="cond" truecount="2" falsecount="0"/>
        <line num="69" count="300" type="cond" truecount="2" falsecount="0"/>
        <line num="70" count="250" type="cond" truecount="2" falsecount="0"/>
        <line num="71" count="100" type="stmt"/>
        <line num="77" count="3" type="cond" truecount="2" falsecount="0"/>
        <line num="78" count="1" type="stmt"/>
        <line num="79" count="10" type="stmt"/>
        <line num="80" count="100" type="stmt"/>
        <line num="81" count="3775" type="cond" truecount="2" falsecount="0"/>
        <line num="84" count="100" type="cond" truecount="2" falsecount="0"/>
        <line num="85" count="50" type="stmt"/>
        <line num="91" count="3" type="cond" truecount="1" falsecount="1"/>
        <line num="93" count="3" type="stmt"/>
        <line num="94" count="3" type="stmt"/>
        <line num="97" count="16" type="stmt"/>
        <line num="98" count="2" type="stmt"/>
        <line num="99" count="2" type="stmt"/>
        <line num="101" count="2" type="stmt"/>
        <line num="108" count="2" type="stmt"/>
        <line num="109" count="8" type="stmt"/>
        <line num="110" count="8" type="stmt"/>
        <line num="112" count="8" type="cond" truecount="6" falsecount="0"/>
        <line num="113" count="4" type="stmt"/>
        <line num="117" count="2" type="stmt"/>
        <line num="120" count="16" type="stmt"/>
        <line num="121" count="32" type="stmt"/>
        <line num="127" count="16" type="stmt"/>
        <line num="128" count="16" type="stmt"/>
        <line num="130" count="16" type="stmt"/>
        <line num="164" count="15" type="stmt"/>
        <line num="192" count="15" type="stmt"/>
      </file>
      <file name="GameBoard.tsx" path="/home/ubuntu/battleship-game/battleship-frontend/src/components/GameBoard.tsx">
        <metrics statements="25" coveredstatements="25" conditionals="43" coveredconditionals="40" methods="10" coveredmethods="10"/>
        <line num="1" count="6" type="stmt"/>
        <line num="2" count="6" type="stmt"/>
        <line num="3" count="6" type="stmt"/>
        <line num="13" count="6" type="stmt"/>
        <line num="20" count="39" type="stmt"/>
        <line num="21" count="4" type="cond" truecount="1" falsecount="1"/>
        <line num="22" count="4" type="stmt"/>
        <line num="26" count="39" type="stmt"/>
        <line num="27" count="2" type="cond" truecount="3" falsecount="1"/>
        <line num="28" count="2" type="stmt"/>
        <line num="29" count="2" type="stmt"/>
        <line num="33" count="39" type="stmt"/>
        <line num="34" count="3700" type="cond" truecount="4" falsecount="0"/>
        <line num="35" count="3697" type="cond" truecount="1" falsecount="1"/>
        <line num="36" count="3697" type="cond" truecount="2" falsecount="0"/>
        <line num="37" count="3696" type="cond" truecount="4" falsecount="0"/>
        <line num="38" count="3695" type="stmt"/>
        <line num="41" count="39" type="stmt"/>
        <line num="42" count="3700" type="stmt"/>
        <line num="54" count="39" type="stmt"/>
        <line num="62" count="390" type="stmt"/>
        <line num="72" count="370" type="stmt"/>
        <line num="80" count="3700" type="stmt"/>
        <line num="83" count="2" type="stmt"/>
        <line num="84" count="2" type="stmt"/>
      </file>
      <file name="ShipPlacement.tsx" path="/home/ubuntu/battleship-game/battleship-frontend/src/components/ShipPlacement.tsx">
        <metrics statements="37" coveredstatements="36" conditionals="30" coveredconditionals="27" methods="18" coveredmethods="17"/>
        <line num="1" count="4" type="stmt"/>
        <line num="2" count="4" type="stmt"/>
        <line num="3" count="4" type="stmt"/>
        <line num="4" count="4" type="stmt"/>
        <line num="5" count="4" type="stmt"/>
        <line num="6" count="4" type="stmt"/>
        <line num="14" count="4" type="stmt"/>
        <line num="19" count="19" type="stmt"/>
        <line num="20" count="19" type="stmt"/>
        <line num="22" count="82" type="stmt"/>
        <line num="23" count="82" type="stmt"/>
        <line num="25" count="19" type="stmt"/>
        <line num="26" count="3" type="cond" truecount="1" falsecount="1"/>
        <line num="28" count="3" type="stmt"/>
        <line num="29" count="3" type="cond" truecount="2" falsecount="0"/>
        <line num="30" count="2" type="stmt"/>
        <line num="34" count="19" type="stmt"/>
        <line num="35" count="1" type="cond" truecount="2" falsecount="2"/>
        <line num="36" count="1" type="stmt"/>
        <line num="37" count="1" type="stmt"/>
        <line num="41" count="19" type="stmt"/>
        <line num="43" count="19" type="stmt"/>
        <line num="58" count="75" type="stmt"/>
        <line num="62" count="5" type="stmt"/>
        <line num="76" count="0" type="stmt"/>
        <line num="83" count="1" type="stmt"/>
        <line num="105" count="7" type="stmt"/>
        <line num="119" count="6" type="stmt"/>
        <line num="130" count="190" type="stmt"/>
        <line num="140" count="190" type="stmt"/>
        <line num="148" count="1900" type="stmt"/>
        <line num="149" count="1900" type="stmt"/>
        <line num="150" count="680" type="stmt"/>
        <line num="151" count="2610" type="cond" truecount="2" falsecount="0"/>
        <line num="155" count="1900" type="stmt"/>
        <line num="166" count="2" type="stmt"/>
        <line num="167" count="1" type="stmt"/>
      </file>
      <file name="VictoryModal.tsx" path="/home/ubuntu/battleship-game/battleship-frontend/src/components/VictoryModal.tsx">
        <metrics statements="24" coveredstatements="24" conditionals="20" coveredconditionals="18" methods="8" coveredmethods="7"/>
        <line num="1" count="4" type="stmt"/>
        <line num="2" count="4" type="stmt"/>
        <line num="3" count="4" type="stmt"/>
        <line num="10" count="4" type="stmt"/>
        <line num="11" count="4" type="stmt"/>
        <line num="13" count="4" type="stmt"/>
        <line num="14" count="14" type="stmt"/>
        <line num="16" count="14" type="stmt"/>
        <line num="18" count="14" type="stmt"/>
        <line num="19" count="1" type="stmt"/>
        <line num="22" count="14" type="stmt"/>
        <line num="23" count="14" type="stmt"/>
        <line num="24" count="14" type="stmt"/>
        <line num="25" count="14" type="stmt"/>
        <line num="26" count="3" type="stmt"/>
        <line num="27" count="3" type="cond" truecount="1" falsecount="1"/>
        <line num="29" count="14" type="stmt"/>
        <line num="30" count="2" type="stmt"/>
        <line num="31" count="2" type="cond" truecount="1" falsecount="1"/>
        <line num="34" count="14" type="stmt"/>
        <line num="44" count="14" type="stmt"/>
        <line num="46" count="14" type="stmt"/>
        <line num="103" count="9" type="stmt"/>
        <line num="118" count="9" type="stmt"/>
      </file>
    </package>
    <package name="src.lib">
      <metrics statements="4" coveredstatements="4" conditionals="0" coveredconditionals="0" methods="1" coveredmethods="1"/>
      <file name="utils.ts" path="/home/ubuntu/battleship-game/battleship-frontend/src/lib/utils.ts">
        <metrics statements="4" coveredstatements="4" conditionals="0" coveredconditionals="0" methods="1" coveredmethods="1"/>
        <line num="1" count="10" type="stmt"/>
        <line num="2" count="10" type="stmt"/>
        <line num="4" count="10" type="stmt"/>
        <line num="5" count="6097" type="stmt"/>
      </file>
    </package>
    <package name="src.store">
      <metrics statements="103" coveredstatements="101" conditionals="77" coveredconditionals="63" methods="24" coveredmethods="24"/>
      <file name="gameStore.ts" path="/home/ubuntu/battleship-game/battleship-frontend/src/store/gameStore.ts">
        <metrics statements="103" coveredstatements="101" conditionals="77" coveredconditionals="63" methods="24" coveredmethods="24"/>
        <line num="1" count="8" type="stmt"/>
        <line num="2" count="8" type="stmt"/>
        <line num="12" count="8" type="stmt"/>
        <line num="13" count="49" type="stmt"/>
        <line num="14" count="4900" type="stmt"/>
        <line num="23" count="38" type="stmt"/>
        <line num="27" count="190" type="stmt"/>
        <line num="38" count="8" type="stmt"/>
        <line num="44" count="119" type="stmt"/>
        <line num="45" count="119" type="stmt"/>
        <line num="47" count="119" type="cond" truecount="4" falsecount="0"/>
        <line num="48" count="118" type="cond" truecount="4" falsecount="0"/>
        <line num="50" count="117" type="stmt"/>
        <line num="51" count="278" type="cond" truecount="2" falsecount="0"/>
        <line num="52" count="278" type="cond" truecount="2" falsecount="0"/>
        <line num="54" count="278" type="cond" truecount="2" falsecount="0"/>
        <line num="56" count="255" type="stmt"/>
        <line num="57" count="723" type="stmt"/>
        <line num="58" count="2137" type="stmt"/>
        <line num="59" count="2137" type="stmt"/>
        <line num="61" count="2137" type="cond" truecount="2" falsecount="0"/>
        <line num="66" count="36" type="stmt"/>
        <line num="72" count="58" type="stmt"/>
        <line num="75" count="8" type="stmt"/>
        <line num="81" count="5800" type="stmt"/>
        <line num="82" count="58" type="stmt"/>
        <line num="84" count="58" type="stmt"/>
        <line num="85" count="202" type="cond" truecount="2" falsecount="0"/>
        <line num="86" count="202" type="cond" truecount="2" falsecount="0"/>
        <line num="88" count="202" type="stmt"/>
        <line num="89" count="202" type="stmt"/>
        <line num="90" count="202" type="stmt"/>
        <line num="93" count="58" type="stmt"/>
        <line num="96" count="8" type="stmt"/>
        <line num="97" count="11" type="stmt"/>
        <line num="98" count="55" type="stmt"/>
        <line num="107" count="11" type="stmt"/>
        <line num="108" count="55" type="stmt"/>
        <line num="109" count="55" type="stmt"/>
        <line num="111" count="55" type="cond" truecount="2" falsecount="0"/>
        <line num="112" count="113" type="stmt"/>
        <line num="113" count="113" type="cond" truecount="2" falsecount="0"/>
        <line num="114" count="113" type="cond" truecount="2" falsecount="0"/>
        <line num="116" count="113" type="stmt"/>
        <line num="121" count="113" type="cond" truecount="2" falsecount="0"/>
        <line num="122" count="55" type="stmt"/>
        <line num="123" count="55" type="stmt"/>
        <line num="125" count="55" type="stmt"/>
        <line num="126" count="187" type="cond" truecount="2" falsecount="0"/>
        <line num="127" count="187" type="cond" truecount="2" falsecount="0"/>
        <line num="128" count="187" type="stmt"/>
        <line num="131" count="55" type="stmt"/>
        <line num="133" count="113" type="stmt"/>
        <line num="137" count="11" type="stmt"/>
        <line num="140" count="8" type="stmt"/>
        <line num="147" count="11" type="stmt"/>
        <line num="149" count="11" type="stmt"/>
        <line num="164" count="6" type="stmt"/>
        <line num="165" count="7" type="stmt"/>
        <line num="167" count="6" type="cond" truecount="1" falsecount="1"/>
        <line num="169" count="6" type="cond" truecount="2" falsecount="0"/>
        <line num="170" count="3" type="stmt"/>
        <line num="173" count="3" type="stmt"/>
        <line num="174" count="3" type="stmt"/>
        <line num="176" count="3" type="stmt"/>
        <line num="177" count="15" type="cond" truecount="1" falsecount="1"/>
        <line num="178" count="15" type="cond" truecount="1" falsecount="1"/>
        <line num="179" count="15" type="stmt"/>
        <line num="182" count="3" type="stmt"/>
        <line num="188" count="3" type="stmt"/>
        <line num="189" count="15" type="cond" truecount="2" falsecount="0"/>
        <line num="192" count="3" type="stmt"/>
        <line num="200" count="3" type="stmt"/>
        <line num="204" count="4" type="stmt"/>
        <line num="205" count="4" type="stmt"/>
        <line num="207" count="4" type="cond" truecount="1" falsecount="1"/>
        <line num="209" count="4" type="cond" truecount="1" falsecount="1"/>
        <line num="210" count="4" type="cond" truecount="1" falsecount="1"/>
        <line num="212" count="4" type="stmt"/>
        <line num="214" count="4" type="cond" truecount="3" falsecount="1"/>
        <line num="216" count="4" type="stmt"/>
        <line num="217" count="400" type="stmt"/>
        <line num="220" count="4" type="stmt"/>
        <line num="223" count="4" type="cond" truecount="2" falsecount="0"/>
        <line num="224" count="2" type="stmt"/>
        <line num="225" count="2" type="stmt"/>
        <line num="227" count="10" type="stmt"/>
        <line num="228" count="2" type="cond" truecount="1" falsecount="1"/>
        <line num="229" count="2" type="stmt"/>
        <line num="230" count="2" type="stmt"/>
        <line num="231" count="2" type="stmt"/>
        <line num="234" count="2" type="cond" truecount="1" falsecount="1"/>
        <line num="235" count="0" type="stmt"/>
        <line num="236" count="0" type="stmt"/>
        <line num="240" count="2" type="stmt"/>
        <line num="243" count="4" type="stmt"/>
        <line num="248" count="4" type="stmt"/>
        <line num="253" count="4" type="stmt"/>
        <line num="254" count="4" type="cond" truecount="1" falsecount="1"/>
        <line num="255" count="4" type="cond" truecount="1" falsecount="1"/>
        <line num="257" count="4" type="stmt"/>
        <line num="268" count="1" type="stmt"/>
        <line num="272" count="5" type="stmt"/>
      </file>
    </package>
    <package name="src.types">
      <metrics statements="4" coveredstatements="4" conditionals="0" coveredconditionals="0" methods="0" coveredmethods="0"/>
      <file name="game.ts" path="/home/ubuntu/battleship-game/battleship-frontend/src/types/game.ts">
        <metrics statements="4" coveredstatements="4" conditionals="0" coveredconditionals="0" methods="0" coveredmethods="0"/>
        <line num="48" count="16" type="stmt"/>
        <line num="56" count="16" type="stmt"/>
        <line num="57" count="16" type="stmt"/>
        <line num="58" count="16" type="stmt"/>
      </file>
    </package>
  </project>
</coverage>
