{"/home/ubuntu/battleship-game/battleship-frontend/src/App.tsx": {"path":"/home/ubuntu/battleship-game/battleship-frontend/src/App.tsx","statementMap":{"0":{"start":{"line":1,"column":0},"end":{"line":1,"column":34}},"1":{"start":{"line":2,"column":0},"end":{"line":2,"column":49}},"2":{"start":{"line":3,"column":0},"end":{"line":3,"column":59}},"3":{"start":{"line":4,"column":0},"end":{"line":4,"column":57}},"4":{"start":{"line":5,"column":0},"end":{"line":5,"column":57}},"5":{"start":{"line":6,"column":0},"end":{"line":6,"column":48}},"6":{"start":{"line":7,"column":0},"end":{"line":7,"column":80}},"7":{"start":{"line":16,"column":6},"end":{"line":16,"column":20}},"8":{"start":{"line":18,"column":2},"end":{"line":20,"column":23}},"9":{"start":{"line":19,"column":4},"end":{"line":19,"column":21}},"10":{"start":{"line":22,"column":26},"end":{"line":24,"column":3}},"11":{"start":{"line":23,"column":4},"end":{"line":23,"column":55}},"12":{"start":{"line":26,"column":28},"end":{"line":31,"column":3}},"13":{"start":{"line":27,"column":27},"end":{"line":27,"column":87}},"14":{"start":{"line":27,"column":59},"end":{"line":27,"column":86}},"15":{"start":{"line":28,"column":4},"end":{"line":30,"column":5}},"16":{"start":{"line":29,"column":6},"end":{"line":29,"column":25}},"17":{"start":{"line":33,"column":24},"end":{"line":35,"column":3}},"18":{"start":{"line":34,"column":4},"end":{"line":34,"column":21}},"19":{"start":{"line":37,"column":2},"end":{"line":90,"column":4}},"20":{"start":{"line":93,"column":0},"end":{"line":93,"column":19}}},"fnMap":{"0":{"name":"App","decl":{"start":{"line":9,"column":9},"end":{"line":9,"column":12}},"loc":{"start":{"line":9,"column":12},"end":{"line":91,"column":1}}},"1":{"name":"(anonymous_1)","decl":{"start":{"line":18,"column":12},"end":{"line":18,"column":15}},"loc":{"start":{"line":18,"column":17},"end":{"line":20,"column":3}}},"2":{"name":"(anonymous_2)","decl":{"start":{"line":22,"column":26},"end":{"line":22,"column":27}},"loc":{"start":{"line":22,"column":85},"end":{"line":24,"column":3}}},"3":{"name":"(anonymous_3)","decl":{"start":{"line":26,"column":28},"end":{"line":26,"column":31}},"loc":{"start":{"line":26,"column":33},"end":{"line":31,"column":3}}},"4":{"name":"(anonymous_4)","decl":{"start":{"line":27,"column":51},"end":{"line":27,"column":55}},"loc":{"start":{"line":27,"column":59},"end":{"line":27,"column":86}}},"5":{"name":"(anonymous_5)","decl":{"start":{"line":33,"column":24},"end":{"line":33,"column":27}},"loc":{"start":{"line":33,"column":29},"end":{"line":35,"column":3}}}},"branchMap":{"0":{"loc":{"start":{"line":28,"column":4},"end":{"line":30,"column":5}},"type":"if","locations":[{"start":{"line":28,"column":4},"end":{"line":30,"column":5}},{"start":{},"end":{}}]},"1":{"loc":{"start":{"line":47,"column":9},"end":{"line":54,"column":null}},"type":"binary-expr","locations":[{"start":{"line":47,"column":9},"end":{"line":47,"column":26}},{"start":{"line":48,"column":10},"end":{"line":53,"column":null}}]},"2":{"loc":{"start":{"line":57,"column":9},"end":{"line":60,"column":null}},"type":"binary-expr","locations":[{"start":{"line":57,"column":9},"end":{"line":57,"column":27}},{"start":{"line":58,"column":10},"end":{"line":59,"column":null}}]},"3":{"loc":{"start":{"line":64,"column":9},"end":{"line":69,"column":null}},"type":"binary-expr","locations":[{"start":{"line":64,"column":9},"end":{"line":64,"column":26}},{"start":{"line":65,"column":10},"end":{"line":68,"column":null}}]}},"s":{"0":2,"1":2,"2":2,"3":2,"4":2,"5":2,"6":2,"7":6,"8":6,"9":6,"10":6,"11":0,"12":6,"13":1,"14":1,"15":1,"16":1,"17":6,"18":1,"19":6,"20":2},"f":{"0":6,"1":6,"2":0,"3":1,"4":1,"5":1},"b":{"0":[1,0],"1":[6,3],"2":[6,2],"3":[6,3]}}
,"/home/ubuntu/battleship-game/battleship-frontend/src/components/BattleScreen.tsx": {"path":"/home/ubuntu/battleship-game/battleship-frontend/src/components/BattleScreen.tsx","statementMap":{"0":{"start":{"line":1,"column":0},"end":{"line":1,"column":41}},"1":{"start":{"line":2,"column":0},"end":{"line":2,"column":50}},"2":{"start":{"line":3,"column":0},"end":{"line":3,"column":40}},"3":{"start":{"line":4,"column":0},"end":{"line":4,"column":69}},"4":{"start":{"line":5,"column":0},"end":{"line":5,"column":35}},"5":{"start":{"line":8,"column":38},"end":{"line":216,"column":1}},"6":{"start":{"line":15,"column":6},"end":{"line":15,"column":20}},"7":{"start":{"line":17,"column":27},"end":{"line":21,"column":3}},"8":{"start":{"line":18,"column":4},"end":{"line":20,"column":5}},"9":{"start":{"line":19,"column":6},"end":{"line":19,"column":27}},"10":{"start":{"line":23,"column":2},"end":{"line":34,"column":32}},"11":{"start":{"line":24,"column":4},"end":{"line":33,"column":5}},"12":{"start":{"line":25,"column":20},"end":{"line":30,"column":14}},"13":{"start":{"line":26,"column":24},"end":{"line":26,"column":41}},"14":{"start":{"line":27,"column":8},"end":{"line":29,"column":9}},"15":{"start":{"line":28,"column":10},"end":{"line":28,"column":28}},"16":{"start":{"line":32,"column":6},"end":{"line":32,"column":39}},"17":{"start":{"line":32,"column":19},"end":{"line":32,"column":38}},"18":{"start":{"line":36,"column":26},"end":{"line":95,"column":3}},"19":{"start":{"line":37,"column":18},"end":{"line":37,"column":35}},"20":{"start":{"line":38,"column":18},"end":{"line":38,"column":33}},"21":{"start":{"line":40,"column":17},"end":{"line":43,"column":6}},"22":{"start":{"line":41,"column":19},"end":{"line":41,"column":44}},"23":{"start":{"line":42,"column":6},"end":{"line":42,"column":40}},"24":{"start":{"line":45,"column":4},"end":{"line":59,"column":5}},"25":{"start":{"line":46,"column":6},"end":{"line":58,"column":7}},"26":{"start":{"line":47,"column":30},"end":{"line":47,"column":51}},"27":{"start":{"line":49,"column":8},"end":{"line":57,"column":9}},"28":{"start":{"line":50,"column":30},"end":{"line":51,"column":null}},"29":{"start":{"line":51,"column":12},"end":{"line":51,"column":66}},"30":{"start":{"line":54,"column":10},"end":{"line":56,"column":11}},"31":{"start":{"line":55,"column":12},"end":{"line":55,"column":28}},"32":{"start":{"line":61,"column":41},"end":{"line":61,"column":43}},"33":{"start":{"line":63,"column":4},"end":{"line":75,"column":5}},"34":{"start":{"line":63,"column":19},"end":{"line":63,"column":20}},"35":{"start":{"line":64,"column":6},"end":{"line":74,"column":7}},"36":{"start":{"line":64,"column":21},"end":{"line":64,"column":22}},"37":{"start":{"line":65,"column":28},"end":{"line":66,"column":null}},"38":{"start":{"line":66,"column":10},"end":{"line":66,"column":46}},"39":{"start":{"line":69,"column":8},"end":{"line":73,"column":9}},"40":{"start":{"line":70,"column":10},"end":{"line":72,"column":11}},"41":{"start":{"line":71,"column":12},"end":{"line":71,"column":46}},"42":{"start":{"line":77,"column":4},"end":{"line":89,"column":5}},"43":{"start":{"line":78,"column":6},"end":{"line":88,"column":7}},"44":{"start":{"line":78,"column":21},"end":{"line":78,"column":22}},"45":{"start":{"line":79,"column":8},"end":{"line":87,"column":9}},"46":{"start":{"line":79,"column":23},"end":{"line":79,"column":24}},"47":{"start":{"line":80,"column":30},"end":{"line":81,"column":null}},"48":{"start":{"line":81,"column":12},"end":{"line":81,"column":48}},"49":{"start":{"line":84,"column":10},"end":{"line":86,"column":11}},"50":{"start":{"line":85,"column":12},"end":{"line":85,"column":46}},"51":{"start":{"line":91,"column":4},"end":{"line":91,"column":49}},"52":{"start":{"line":91,"column":37},"end":{"line":91,"column":49}},"53":{"start":{"line":93,"column":24},"end":{"line":93,"column":73}},"54":{"start":{"line":94,"column":4},"end":{"line":94,"column":39}},"55":{"start":{"line":97,"column":27},"end":{"line":118,"column":3}},"56":{"start":{"line":98,"column":25},"end":{"line":98,"column":35}},"57":{"start":{"line":99,"column":35},"end":{"line":99,"column":37}},"58":{"start":{"line":101,"column":23},"end":{"line":106,"column":6}},"59":{"start":{"line":108,"column":4},"end":{"line":115,"column":5}},"60":{"start":{"line":109,"column":21},"end":{"line":109,"column":34}},"61":{"start":{"line":110,"column":21},"end":{"line":110,"column":34}},"62":{"start":{"line":112,"column":6},"end":{"line":114,"column":7}},"63":{"start":{"line":113,"column":8},"end":{"line":113,"column":52}},"64":{"start":{"line":117,"column":4},"end":{"line":117,"column":20}},"65":{"start":{"line":120,"column":24},"end":{"line":125,"column":3}},"66":{"start":{"line":121,"column":4},"end":{"line":124,"column":8}},"67":{"start":{"line":121,"column":37},"end":{"line":124,"column":6}},"68":{"start":{"line":127,"column":26},"end":{"line":127,"column":52}},"69":{"start":{"line":128,"column":24},"end":{"line":128,"column":48}},"70":{"start":{"line":130,"column":2},"end":{"line":215,"column":4}},"71":{"start":{"line":164,"column":16},"end":{"line":165,"column":null}},"72":{"start":{"line":192,"column":16},"end":{"line":193,"column":null}},"73":{"start":{"line":8,"column":13},"end":{"line":8,"column":38}}},"fnMap":{"0":{"name":"(anonymous_0)","decl":{"start":{"line":8,"column":38},"end":{"line":8,"column":41}},"loc":{"start":{"line":8,"column":43},"end":{"line":216,"column":1}}},"1":{"name":"(anonymous_1)","decl":{"start":{"line":17,"column":27},"end":{"line":17,"column":28}},"loc":{"start":{"line":17,"column":54},"end":{"line":21,"column":3}}},"2":{"name":"(anonymous_2)","decl":{"start":{"line":23,"column":12},"end":{"line":23,"column":15}},"loc":{"start":{"line":23,"column":17},"end":{"line":34,"column":3}}},"3":{"name":"(anonymous_3)","decl":{"start":{"line":25,"column":31},"end":{"line":25,"column":34}},"loc":{"start":{"line":25,"column":36},"end":{"line":30,"column":7}}},"4":{"name":"(anonymous_4)","decl":{"start":{"line":32,"column":13},"end":{"line":32,"column":16}},"loc":{"start":{"line":32,"column":19},"end":{"line":32,"column":38}}},"5":{"name":"(anonymous_5)","decl":{"start":{"line":36,"column":26},"end":{"line":36,"column":48}},"loc":{"start":{"line":36,"column":50},"end":{"line":95,"column":3}}},"6":{"name":"(anonymous_6)","decl":{"start":{"line":40,"column":30},"end":{"line":40,"column":34}},"loc":{"start":{"line":40,"column":37},"end":{"line":43,"column":5}}},"7":{"name":"(anonymous_7)","decl":{"start":{"line":50,"column":41},"end":{"line":50,"column":45}},"loc":{"start":{"line":51,"column":12},"end":{"line":51,"column":66}}},"8":{"name":"(anonymous_8)","decl":{"start":{"line":65,"column":39},"end":{"line":65,"column":43}},"loc":{"start":{"line":66,"column":10},"end":{"line":66,"column":46}}},"9":{"name":"(anonymous_9)","decl":{"start":{"line":80,"column":41},"end":{"line":80,"column":45}},"loc":{"start":{"line":81,"column":12},"end":{"line":81,"column":48}}},"10":{"name":"(anonymous_10)","decl":{"start":{"line":97,"column":27},"end":{"line":97,"column":28}},"loc":{"start":{"line":97,"column":68},"end":{"line":118,"column":3}}},"11":{"name":"(anonymous_11)","decl":{"start":{"line":120,"column":24},"end":{"line":120,"column":25}},"loc":{"start":{"line":120,"column":55},"end":{"line":125,"column":3}}},"12":{"name":"(anonymous_12)","decl":{"start":{"line":121,"column":28},"end":{"line":121,"column":32}},"loc":{"start":{"line":121,"column":37},"end":{"line":124,"column":6}}},"13":{"name":"(anonymous_13)","decl":{"start":{"line":163,"column":33},"end":{"line":163,"column":37}},"loc":{"start":{"line":164,"column":16},"end":{"line":165,"column":null}}},"14":{"name":"(anonymous_14)","decl":{"start":{"line":191,"column":35},"end":{"line":191,"column":39}},"loc":{"start":{"line":192,"column":16},"end":{"line":193,"column":null}}}},"branchMap":{"0":{"loc":{"start":{"line":18,"column":4},"end":{"line":20,"column":5}},"type":"if","locations":[{"start":{"line":18,"column":4},"end":{"line":20,"column":5}},{"start":{},"end":{}}]},"1":{"loc":{"start":{"line":24,"column":4},"end":{"line":33,"column":5}},"type":"if","locations":[{"start":{"line":24,"column":4},"end":{"line":33,"column":5}},{"start":{},"end":{}}]},"2":{"loc":{"start":{"line":27,"column":8},"end":{"line":29,"column":9}},"type":"if","locations":[{"start":{"line":27,"column":8},"end":{"line":29,"column":9}},{"start":{},"end":{}}]},"3":{"loc":{"start":{"line":42,"column":13},"end":{"line":42,"column":39}},"type":"binary-expr","locations":[{"start":{"line":42,"column":13},"end":{"line":42,"column":23}},{"start":{"line":42,"column":27},"end":{"line":42,"column":39}}]},"4":{"loc":{"start":{"line":45,"column":4},"end":{"line":59,"column":5}},"type":"if","locations":[{"start":{"line":45,"column":4},"end":{"line":59,"column":5}},{"start":{},"end":{}}]},"5":{"loc":{"start":{"line":51,"column":12},"end":{"line":51,"column":66}},"type":"binary-expr","locations":[{"start":{"line":51,"column":12},"end":{"line":51,"column":37}},{"start":{"line":51,"column":41},"end":{"line":51,"column":66}}]},"6":{"loc":{"start":{"line":54,"column":10},"end":{"line":56,"column":11}},"type":"if","locations":[{"start":{"line":54,"column":10},"end":{"line":56,"column":11}},{"start":{},"end":{}}]},"7":{"loc":{"start":{"line":66,"column":10},"end":{"line":66,"column":46}},"type":"binary-expr","locations":[{"start":{"line":66,"column":10},"end":{"line":66,"column":26}},{"start":{"line":66,"column":30},"end":{"line":66,"column":46}}]},"8":{"loc":{"start":{"line":69,"column":8},"end":{"line":73,"column":9}},"type":"if","locations":[{"start":{"line":69,"column":8},"end":{"line":73,"column":9}},{"start":{},"end":{}}]},"9":{"loc":{"start":{"line":70,"column":10},"end":{"line":72,"column":11}},"type":"if","locations":[{"start":{"line":70,"column":10},"end":{"line":72,"column":11}},{"start":{},"end":{}}]},"10":{"loc":{"start":{"line":77,"column":4},"end":{"line":89,"column":5}},"type":"if","locations":[{"start":{"line":77,"column":4},"end":{"line":89,"column":5}},{"start":{},"end":{}}]},"11":{"loc":{"start":{"line":81,"column":12},"end":{"line":81,"column":48}},"type":"binary-expr","locations":[{"start":{"line":81,"column":12},"end":{"line":81,"column":28}},{"start":{"line":81,"column":32},"end":{"line":81,"column":48}}]},"12":{"loc":{"start":{"line":84,"column":10},"end":{"line":86,"column":11}},"type":"if","locations":[{"start":{"line":84,"column":10},"end":{"line":86,"column":11}},{"start":{},"end":{}}]},"13":{"loc":{"start":{"line":91,"column":4},"end":{"line":91,"column":49}},"type":"if","locations":[{"start":{"line":91,"column":4},"end":{"line":91,"column":49}},{"start":{},"end":{}}]},"14":{"loc":{"start":{"line":112,"column":6},"end":{"line":114,"column":7}},"type":"if","locations":[{"start":{"line":112,"column":6},"end":{"line":114,"column":7}},{"start":{},"end":{}}]},"15":{"loc":{"start":{"line":112,"column":10},"end":{"line":112,"column":66}},"type":"binary-expr","locations":[{"start":{"line":112,"column":10},"end":{"line":112,"column":21}},{"start":{"line":112,"column":25},"end":{"line":112,"column":36}},{"start":{"line":112,"column":40},"end":{"line":112,"column":51}},{"start":{"line":112,"column":55},"end":{"line":112,"column":66}}]},"16":{"loc":{"start":{"line":136,"column":24},"end":{"line":136,"column":75}},"type":"cond-expr","locations":[{"start":{"line":136,"column":52},"end":{"line":136,"column":61}},{"start":{"line":136,"column":64},"end":{"line":136,"column":75}}]},"17":{"loc":{"start":{"line":137,"column":11},"end":{"line":137,"column":63}},"type":"cond-expr","locations":[{"start":{"line":137,"column":39},"end":{"line":137,"column":50}},{"start":{"line":137,"column":53},"end":{"line":137,"column":63}}]},"18":{"loc":{"start":{"line":142,"column":7},"end":{"line":154,"column":null}},"type":"binary-expr","locations":[{"start":{"line":142,"column":7},"end":{"line":142,"column":15}},{"start":{"line":143,"column":8},"end":{"line":153,"column":null}}]},"19":{"loc":{"start":{"line":147,"column":14},"end":{"line":149,"column":null}},"type":"cond-expr","locations":[{"start":{"line":147,"column":42},"end":{"line":147,"column":59}},{"start":{"line":148,"column":14},"end":{"line":149,"column":null}}]},"20":{"loc":{"start":{"line":148,"column":14},"end":{"line":149,"column":null}},"type":"cond-expr","locations":[{"start":{"line":148,"column":43},"end":{"line":148,"column":57}},{"start":{"line":149,"column":14},"end":{"line":149,"column":null}}]},"21":{"loc":{"start":{"line":151,"column":15},"end":{"line":151,"column":104}},"type":"cond-expr","locations":[{"start":{"line":151,"column":44},"end":{"line":151,"column":72}},{"start":{"line":151,"column":75},"end":{"line":151,"column":104}}]},"22":{"loc":{"start":{"line":166,"column":27},"end":{"line":166,"column":66}},"type":"cond-expr","locations":[{"start":{"line":166,"column":41},"end":{"line":166,"column":54}},{"start":{"line":166,"column":57},"end":{"line":166,"column":66}}]},"23":{"loc":{"start":{"line":169,"column":31},"end":{"line":169,"column":56}},"type":"cond-expr","locations":[{"start":{"line":169,"column":45},"end":{"line":169,"column":49}},{"start":{"line":169,"column":52},"end":{"line":169,"column":56}}]},"24":{"loc":{"start":{"line":194,"column":27},"end":{"line":194,"column":66}},"type":"cond-expr","locations":[{"start":{"line":194,"column":41},"end":{"line":194,"column":54}},{"start":{"line":194,"column":57},"end":{"line":194,"column":66}}]},"25":{"loc":{"start":{"line":197,"column":31},"end":{"line":197,"column":56}},"type":"cond-expr","locations":[{"start":{"line":197,"column":45},"end":{"line":197,"column":49}},{"start":{"line":197,"column":52},"end":{"line":197,"column":56}}]}},"s":{"0":5,"1":5,"2":5,"3":5,"4":5,"5":5,"6":16,"7":16,"8":1,"9":1,"10":16,"11":16,"12":6,"13":5,"14":5,"15":5,"16":6,"17":6,"18":16,"19":5,"20":5,"21":5,"22":52,"23":52,"24":5,"25":2,"26":2,"27":2,"28":2,"29":2,"30":2,"31":2,"32":3,"33":3,"34":3,"35":30,"36":30,"37":300,"38":3775,"39":300,"40":250,"41":100,"42":3,"43":1,"44":1,"45":10,"46":10,"47":100,"48":3775,"49":100,"50":50,"51":3,"52":0,"53":3,"54":3,"55":16,"56":2,"57":2,"58":2,"59":2,"60":8,"61":8,"62":8,"63":4,"64":2,"65":16,"66":32,"67":30,"68":16,"69":16,"70":16,"71":15,"72":15,"73":5},"f":{"0":16,"1":1,"2":16,"3":5,"4":6,"5":5,"6":52,"7":2,"8":3775,"9":3775,"10":2,"11":32,"12":30,"13":15,"14":15},"b":{"0":[1,0],"1":[6,10],"2":[5,0],"3":[52,2],"4":[2,3],"5":[2,0],"6":[2,0],"7":[3775,400],"8":[250,50],"9":[100,150],"10":[1,2],"11":[3775,400],"12":[50,50],"13":[0,3],"14":[4,4],"15":[8,7,6,5],"16":[10,6],"17":[10,6],"18":[16,4],"19":[1,3],"20":[1,2],"21":[1,3],"22":[0,15],"23":[0,15],"24":[1,14],"25":[1,14]}}
,"/home/ubuntu/battleship-game/battleship-frontend/src/components/GameBoard.tsx": {"path":"/home/ubuntu/battleship-game/battleship-frontend/src/components/GameBoard.tsx","statementMap":{"0":{"start":{"line":1,"column":0},"end":{"line":1,"column":31}},"1":{"start":{"line":2,"column":0},"end":{"line":2,"column":62}},"2":{"start":{"line":3,"column":0},"end":{"line":3,"column":34}},"3":{"start":{"line":13,"column":51},"end":{"line":102,"column":1}},"4":{"start":{"line":20,"column":26},"end":{"line":24,"column":3}},"5":{"start":{"line":21,"column":4},"end":{"line":23,"column":5}},"6":{"start":{"line":22,"column":6},"end":{"line":22,"column":30}},"7":{"start":{"line":26,"column":24},"end":{"line":31,"column":3}},"8":{"start":{"line":27,"column":4},"end":{"line":30,"column":5}},"9":{"start":{"line":28,"column":6},"end":{"line":28,"column":29}},"10":{"start":{"line":29,"column":6},"end":{"line":29,"column":34}},"11":{"start":{"line":33,"column":25},"end":{"line":39,"column":3}},"12":{"start":{"line":34,"column":4},"end":{"line":34,"column":48}},"13":{"start":{"line":34,"column":36},"end":{"line":34,"column":48}},"14":{"start":{"line":35,"column":4},"end":{"line":35,"column":31}},"15":{"start":{"line":35,"column":20},"end":{"line":35,"column":31}},"16":{"start":{"line":36,"column":4},"end":{"line":36,"column":32}},"17":{"start":{"line":36,"column":21},"end":{"line":36,"column":32}},"18":{"start":{"line":37,"column":4},"end":{"line":37,"column":47}},"19":{"start":{"line":37,"column":35},"end":{"line":37,"column":47}},"20":{"start":{"line":38,"column":4},"end":{"line":38,"column":14}},"21":{"start":{"line":41,"column":27},"end":{"line":52,"column":3}},"22":{"start":{"line":42,"column":4},"end":{"line":51,"column":6}},"23":{"start":{"line":54,"column":2},"end":{"line":101,"column":4}},"24":{"start":{"line":62,"column":10},"end":{"line":63,"column":null}},"25":{"start":{"line":72,"column":10},"end":{"line":72,"column":null}},"26":{"start":{"line":80,"column":14},"end":{"line":81,"column":null}},"27":{"start":{"line":83,"column":31},"end":{"line":83,"column":63}},"28":{"start":{"line":84,"column":34},"end":{"line":84,"column":67}},"29":{"start":{"line":13,"column":13},"end":{"line":13,"column":51}}},"fnMap":{"0":{"name":"(anonymous_0)","decl":{"start":{"line":13,"column":51},"end":{"line":13,"column":52}},"loc":{"start":{"line":19,"column":5},"end":{"line":102,"column":1}}},"1":{"name":"(anonymous_1)","decl":{"start":{"line":20,"column":26},"end":{"line":20,"column":27}},"loc":{"start":{"line":20,"column":53},"end":{"line":24,"column":3}}},"2":{"name":"(anonymous_2)","decl":{"start":{"line":26,"column":24},"end":{"line":26,"column":25}},"loc":{"start":{"line":26,"column":79},"end":{"line":31,"column":3}}},"3":{"name":"(anonymous_3)","decl":{"start":{"line":33,"column":25},"end":{"line":33,"column":26}},"loc":{"start":{"line":33,"column":54},"end":{"line":39,"column":3}}},"4":{"name":"(anonymous_4)","decl":{"start":{"line":41,"column":27},"end":{"line":41,"column":28}},"loc":{"start":{"line":41,"column":56},"end":{"line":52,"column":3}}},"5":{"name":"(anonymous_5)","decl":{"start":{"line":61,"column":18},"end":{"line":61,"column":21}},"loc":{"start":{"line":62,"column":10},"end":{"line":63,"column":null}}},"6":{"name":"(anonymous_6)","decl":{"start":{"line":71,"column":19},"end":{"line":71,"column":20}},"loc":{"start":{"line":72,"column":10},"end":{"line":72,"column":null}}},"7":{"name":"(anonymous_7)","decl":{"start":{"line":79,"column":21},"end":{"line":79,"column":22}},"loc":{"start":{"line":80,"column":14},"end":{"line":81,"column":null}}},"8":{"name":"(anonymous_8)","decl":{"start":{"line":83,"column":25},"end":{"line":83,"column":28}},"loc":{"start":{"line":83,"column":31},"end":{"line":83,"column":63}}},"9":{"name":"(anonymous_9)","decl":{"start":{"line":84,"column":27},"end":{"line":84,"column":28}},"loc":{"start":{"line":84,"column":34},"end":{"line":84,"column":67}}}},"branchMap":{"0":{"loc":{"start":{"line":15,"column":2},"end":{"line":15,"column":23}},"type":"default-arg","locations":[{"start":{"line":15,"column":18},"end":{"line":15,"column":23}}]},"1":{"loc":{"start":{"line":17,"column":2},"end":{"line":17,"column":19}},"type":"default-arg","locations":[{"start":{"line":17,"column":14},"end":{"line":17,"column":19}}]},"2":{"loc":{"start":{"line":21,"column":4},"end":{"line":23,"column":5}},"type":"if","locations":[{"start":{"line":21,"column":4},"end":{"line":23,"column":5}},{"start":{},"end":{}}]},"3":{"loc":{"start":{"line":27,"column":4},"end":{"line":30,"column":5}},"type":"if","locations":[{"start":{"line":27,"column":4},"end":{"line":30,"column":5}},{"start":{},"end":{}}]},"4":{"loc":{"start":{"line":27,"column":8},"end":{"line":27,"column":50}},"type":"binary-expr","locations":[{"start":{"line":27,"column":8},"end":{"line":27,"column":29}},{"start":{"line":27,"column":33},"end":{"line":27,"column":50}}]},"5":{"loc":{"start":{"line":34,"column":4},"end":{"line":34,"column":48}},"type":"if","locations":[{"start":{"line":34,"column":4},"end":{"line":34,"column":48}},{"start":{},"end":{}}]},"6":{"loc":{"start":{"line":34,"column":8},"end":{"line":34,"column":34}},"type":"binary-expr","locations":[{"start":{"line":34,"column":8},"end":{"line":34,"column":18}},{"start":{"line":34,"column":22},"end":{"line":34,"column":34}}]},"7":{"loc":{"start":{"line":35,"column":4},"end":{"line":35,"column":31}},"type":"if","locations":[{"start":{"line":35,"column":4},"end":{"line":35,"column":31}},{"start":{},"end":{}}]},"8":{"loc":{"start":{"line":36,"column":4},"end":{"line":36,"column":32}},"type":"if","locations":[{"start":{"line":36,"column":4},"end":{"line":36,"column":32}},{"start":{},"end":{}}]},"9":{"loc":{"start":{"line":37,"column":4},"end":{"line":37,"column":47}},"type":"if","locations":[{"start":{"line":37,"column":4},"end":{"line":37,"column":47}},{"start":{},"end":{}}]},"10":{"loc":{"start":{"line":37,"column":8},"end":{"line":37,"column":33}},"type":"binary-expr","locations":[{"start":{"line":37,"column":8},"end":{"line":37,"column":17}},{"start":{"line":37,"column":21},"end":{"line":37,"column":33}}]},"11":{"loc":{"start":{"line":46,"column":22},"end":{"line":46,"column":48}},"type":"binary-expr","locations":[{"start":{"line":46,"column":22},"end":{"line":46,"column":32}},{"start":{"line":46,"column":36},"end":{"line":46,"column":48}}]},"12":{"loc":{"start":{"line":48,"column":23},"end":{"line":48,"column":63}},"type":"binary-expr","locations":[{"start":{"line":48,"column":23},"end":{"line":48,"column":32}},{"start":{"line":48,"column":36},"end":{"line":48,"column":48}},{"start":{"line":48,"column":52},"end":{"line":48,"column":63}}]},"13":{"loc":{"start":{"line":49,"column":20},"end":{"line":49,"column":80}},"type":"binary-expr","locations":[{"start":{"line":49,"column":20},"end":{"line":49,"column":31}},{"start":{"line":49,"column":35},"end":{"line":49,"column":47}},{"start":{"line":49,"column":52},"end":{"line":49,"column":62}},{"start":{"line":49,"column":66},"end":{"line":49,"column":79}}]},"14":{"loc":{"start":{"line":85,"column":26},"end":{"line":85,"column":46}},"type":"cond-expr","locations":[{"start":{"line":85,"column":40},"end":{"line":85,"column":41}},{"start":{"line":85,"column":44},"end":{"line":85,"column":46}}]},"15":{"loc":{"start":{"line":86,"column":22},"end":{"line":86,"column":53}},"type":"cond-expr","locations":[{"start":{"line":86,"column":36},"end":{"line":86,"column":44}},{"start":{"line":86,"column":47},"end":{"line":86,"column":53}}]},"16":{"loc":{"start":{"line":88,"column":18},"end":{"line":91,"column":null}},"type":"cond-expr","locations":[{"start":{"line":88,"column":47},"end":{"line":88,"column":52}},{"start":{"line":89,"column":18},"end":{"line":91,"column":null}}]},"17":{"loc":{"start":{"line":88,"column":18},"end":{"line":88,"column":44}},"type":"binary-expr","locations":[{"start":{"line":88,"column":18},"end":{"line":88,"column":28}},{"start":{"line":88,"column":32},"end":{"line":88,"column":44}}]},"18":{"loc":{"start":{"line":89,"column":18},"end":{"line":91,"column":null}},"type":"cond-expr","locations":[{"start":{"line":89,"column":32},"end":{"line":89,"column":38}},{"start":{"line":90,"column":18},"end":{"line":91,"column":null}}]},"19":{"loc":{"start":{"line":90,"column":18},"end":{"line":91,"column":null}},"type":"cond-expr","locations":[{"start":{"line":90,"column":46},"end":{"line":90,"column":52}},{"start":{"line":91,"column":18},"end":{"line":91,"column":null}}]},"20":{"loc":{"start":{"line":90,"column":18},"end":{"line":90,"column":43}},"type":"binary-expr","locations":[{"start":{"line":90,"column":18},"end":{"line":90,"column":27}},{"start":{"line":90,"column":31},"end":{"line":90,"column":43}}]}},"s":{"0":6,"1":6,"2":6,"3":6,"4":39,"5":4,"6":4,"7":39,"8":2,"9":2,"10":2,"11":39,"12":3700,"13":3,"14":3697,"15":0,"16":3697,"17":1,"18":3696,"19":1,"20":3695,"21":39,"22":3700,"23":39,"24":390,"25":370,"26":3700,"27":2,"28":2,"29":6},"f":{"0":39,"1":4,"2":2,"3":3700,"4":3700,"5":390,"6":370,"7":3700,"8":2,"9":2},"b":{"0":[23],"1":[6],"2":[4,0],"3":[2,0],"4":[2,1],"5":[3,3697],"6":[3700,3],"7":[0,3697],"8":[1,3696],"9":[1,3695],"10":[3696,1598],"11":[3700,3],"12":[3700,1600,3],"13":[3700,3697,3696,1598],"14":[1800,1900],"15":[1800,1900],"16":[3,3697],"17":[3700,3],"18":[1,3696],"19":[1,3695],"20":[3696,1598]}}
,"/home/ubuntu/battleship-game/battleship-frontend/src/components/ShipPlacement.tsx": {"path":"/home/ubuntu/battleship-game/battleship-frontend/src/components/ShipPlacement.tsx","statementMap":{"0":{"start":{"line":1,"column":0},"end":{"line":1,"column":31}},"1":{"start":{"line":2,"column":0},"end":{"line":2,"column":33}},"2":{"start":{"line":3,"column":0},"end":{"line":3,"column":61}},"3":{"start":{"line":4,"column":0},"end":{"line":4,"column":37}},"4":{"start":{"line":5,"column":0},"end":{"line":5,"column":69}},"5":{"start":{"line":6,"column":0},"end":{"line":6,"column":34}},"6":{"start":{"line":14,"column":59},"end":{"line":183,"column":1}},"7":{"start":{"line":19,"column":42},"end":{"line":19,"column":71}},"8":{"start":{"line":20,"column":42},"end":{"line":20,"column":56}},"9":{"start":{"line":22,"column":24},"end":{"line":22,"column":75}},"10":{"start":{"line":22,"column":45},"end":{"line":22,"column":74}},"11":{"start":{"line":23,"column":22},"end":{"line":23,"column":71}},"12":{"start":{"line":23,"column":43},"end":{"line":23,"column":70}},"13":{"start":{"line":25,"column":26},"end":{"line":32,"column":3}},"14":{"start":{"line":26,"column":4},"end":{"line":26,"column":30}},"15":{"start":{"line":26,"column":23},"end":{"line":26,"column":30}},"16":{"start":{"line":28,"column":20},"end":{"line":28,"column":71}},"17":{"start":{"line":29,"column":4},"end":{"line":31,"column":5}},"18":{"start":{"line":30,"column":6},"end":{"line":30,"column":28}},"19":{"start":{"line":34,"column":24},"end":{"line":39,"column":3}},"20":{"start":{"line":35,"column":4},"end":{"line":38,"column":5}},"21":{"start":{"line":36,"column":6},"end":{"line":36,"column":29}},"22":{"start":{"line":37,"column":6},"end":{"line":37,"column":34}},"23":{"start":{"line":41,"column":22},"end":{"line":41,"column":48}},"24":{"start":{"line":43,"column":2},"end":{"line":182,"column":4}},"25":{"start":{"line":58,"column":20},"end":{"line":59,"column":null}},"26":{"start":{"line":62,"column":37},"end":{"line":62,"column":61}},"27":{"start":{"line":76,"column":39},"end":{"line":76,"column":60}},"28":{"start":{"line":83,"column":39},"end":{"line":83,"column":61}},"29":{"start":{"line":105,"column":20},"end":{"line":105,"column":39}},"30":{"start":{"line":119,"column":68},"end":{"line":119,"column":89}},"31":{"start":{"line":130,"column":14},"end":{"line":131,"column":null}},"32":{"start":{"line":140,"column":14},"end":{"line":140,"column":null}},"33":{"start":{"line":148,"column":37},"end":{"line":148,"column":69}},"34":{"start":{"line":149,"column":34},"end":{"line":152,"column":null}},"35":{"start":{"line":150,"column":20},"end":{"line":151,"column":null}},"36":{"start":{"line":151,"column":22},"end":{"line":151,"column":70}},"37":{"start":{"line":155,"column":18},"end":{"line":174,"column":20}},"38":{"start":{"line":166,"column":37},"end":{"line":166,"column":64}},"39":{"start":{"line":167,"column":40},"end":{"line":167,"column":68}},"40":{"start":{"line":14,"column":13},"end":{"line":14,"column":59}}},"fnMap":{"0":{"name":"(anonymous_0)","decl":{"start":{"line":14,"column":59},"end":{"line":14,"column":60}},"loc":{"start":{"line":18,"column":5},"end":{"line":183,"column":1}}},"1":{"name":"(anonymous_1)","decl":{"start":{"line":22,"column":37},"end":{"line":22,"column":41}},"loc":{"start":{"line":22,"column":45},"end":{"line":22,"column":74}}},"2":{"name":"(anonymous_2)","decl":{"start":{"line":23,"column":35},"end":{"line":23,"column":39}},"loc":{"start":{"line":23,"column":43},"end":{"line":23,"column":70}}},"3":{"name":"(anonymous_3)","decl":{"start":{"line":25,"column":26},"end":{"line":25,"column":27}},"loc":{"start":{"line":25,"column":53},"end":{"line":32,"column":3}}},"4":{"name":"(anonymous_4)","decl":{"start":{"line":34,"column":24},"end":{"line":34,"column":25}},"loc":{"start":{"line":34,"column":79},"end":{"line":39,"column":3}}},"5":{"name":"(anonymous_5)","decl":{"start":{"line":57,"column":37},"end":{"line":57,"column":41}},"loc":{"start":{"line":58,"column":20},"end":{"line":59,"column":null}}},"6":{"name":"(anonymous_6)","decl":{"start":{"line":62,"column":31},"end":{"line":62,"column":34}},"loc":{"start":{"line":62,"column":37},"end":{"line":62,"column":61}}},"7":{"name":"(anonymous_7)","decl":{"start":{"line":76,"column":33},"end":{"line":76,"column":36}},"loc":{"start":{"line":76,"column":39},"end":{"line":76,"column":60}}},"8":{"name":"(anonymous_8)","decl":{"start":{"line":83,"column":33},"end":{"line":83,"column":36}},"loc":{"start":{"line":83,"column":39},"end":{"line":83,"column":61}}},"9":{"name":"(anonymous_9)","decl":{"start":{"line":104,"column":35},"end":{"line":104,"column":39}},"loc":{"start":{"line":105,"column":20},"end":{"line":105,"column":39}}},"10":{"name":"(anonymous_10)","decl":{"start":{"line":119,"column":63},"end":{"line":119,"column":64}},"loc":{"start":{"line":119,"column":68},"end":{"line":119,"column":89}}},"11":{"name":"(anonymous_11)","decl":{"start":{"line":129,"column":22},"end":{"line":129,"column":25}},"loc":{"start":{"line":130,"column":14},"end":{"line":131,"column":null}}},"12":{"name":"(anonymous_12)","decl":{"start":{"line":139,"column":40},"end":{"line":139,"column":41}},"loc":{"start":{"line":140,"column":14},"end":{"line":140,"column":null}}},"13":{"name":"(anonymous_13)","decl":{"start":{"line":147,"column":44},"end":{"line":147,"column":45}},"loc":{"start":{"line":147,"column":60},"end":{"line":175,"column":17}}},"14":{"name":"(anonymous_14)","decl":{"start":{"line":149,"column":51},"end":{"line":149,"column":55}},"loc":{"start":{"line":150,"column":20},"end":{"line":151,"column":null}}},"15":{"name":"(anonymous_15)","decl":{"start":{"line":150,"column":42},"end":{"line":150,"column":47}},"loc":{"start":{"line":151,"column":22},"end":{"line":151,"column":70}}},"16":{"name":"(anonymous_16)","decl":{"start":{"line":166,"column":31},"end":{"line":166,"column":34}},"loc":{"start":{"line":166,"column":37},"end":{"line":166,"column":64}}},"17":{"name":"(anonymous_17)","decl":{"start":{"line":167,"column":33},"end":{"line":167,"column":34}},"loc":{"start":{"line":167,"column":40},"end":{"line":167,"column":68}}}},"branchMap":{"0":{"loc":{"start":{"line":26,"column":4},"end":{"line":26,"column":30}},"type":"if","locations":[{"start":{"line":26,"column":4},"end":{"line":26,"column":30}},{"start":{},"end":{}}]},"1":{"loc":{"start":{"line":29,"column":4},"end":{"line":31,"column":5}},"type":"if","locations":[{"start":{"line":29,"column":4},"end":{"line":31,"column":5}},{"start":{},"end":{}}]},"2":{"loc":{"start":{"line":35,"column":4},"end":{"line":38,"column":5}},"type":"if","locations":[{"start":{"line":35,"column":4},"end":{"line":38,"column":5}},{"start":{},"end":{}}]},"3":{"loc":{"start":{"line":35,"column":8},"end":{"line":35,"column":50}},"type":"binary-expr","locations":[{"start":{"line":35,"column":8},"end":{"line":35,"column":29}},{"start":{"line":35,"column":33},"end":{"line":35,"column":50}}]},"4":{"loc":{"start":{"line":54,"column":13},"end":{"line":97,"column":null}},"type":"cond-expr","locations":[{"start":{"line":55,"column":14},"end":{"line":89,"column":null}},{"start":{"line":92,"column":14},"end":{"line":96,"column":null}}]},"5":{"loc":{"start":{"line":60,"column":31},"end":{"line":60,"column":79}},"type":"cond-expr","locations":[{"start":{"line":60,"column":58},"end":{"line":60,"column":67}},{"start":{"line":60,"column":70},"end":{"line":60,"column":79}}]},"6":{"loc":{"start":{"line":69,"column":17},"end":{"line":88,"column":null}},"type":"binary-expr","locations":[{"start":{"line":69,"column":17},"end":{"line":69,"column":29}},{"start":{"line":70,"column":18},"end":{"line":87,"column":null}}]},"7":{"loc":{"start":{"line":75,"column":33},"end":{"line":75,"column":69}},"type":"cond-expr","locations":[{"start":{"line":75,"column":48},"end":{"line":75,"column":57}},{"start":{"line":75,"column":60},"end":{"line":75,"column":69}}]},"8":{"loc":{"start":{"line":82,"column":33},"end":{"line":82,"column":70}},"type":"cond-expr","locations":[{"start":{"line":82,"column":49},"end":{"line":82,"column":58}},{"start":{"line":82,"column":61},"end":{"line":82,"column":70}}]},"9":{"loc":{"start":{"line":100,"column":13},"end":{"line":110,"column":null}},"type":"binary-expr","locations":[{"start":{"line":100,"column":13},"end":{"line":100,"column":35}},{"start":{"line":101,"column":14},"end":{"line":109,"column":null}}]},"10":{"loc":{"start":{"line":118,"column":13},"end":{"line":120,"column":40}},"type":"cond-expr","locations":[{"start":{"line":119,"column":16},"end":{"line":119,"column":98}},{"start":{"line":120,"column":16},"end":{"line":120,"column":40}}]},"11":{"loc":{"start":{"line":151,"column":22},"end":{"line":151,"column":70}},"type":"binary-expr","locations":[{"start":{"line":151,"column":22},"end":{"line":151,"column":44}},{"start":{"line":151,"column":48},"end":{"line":151,"column":70}}]},"12":{"loc":{"start":{"line":168,"column":32},"end":{"line":168,"column":53}},"type":"cond-expr","locations":[{"start":{"line":168,"column":47},"end":{"line":168,"column":48}},{"start":{"line":168,"column":51},"end":{"line":168,"column":53}}]},"13":{"loc":{"start":{"line":170,"column":74},"end":{"line":170,"column":107}},"type":"cond-expr","locations":[{"start":{"line":170,"column":84},"end":{"line":170,"column":97}},{"start":{"line":170,"column":100},"end":{"line":170,"column":107}}]},"14":{"loc":{"start":{"line":172,"column":23},"end":{"line":172,"column":42}},"type":"cond-expr","locations":[{"start":{"line":172,"column":33},"end":{"line":172,"column":37}},{"start":{"line":172,"column":40},"end":{"line":172,"column":42}}]}},"s":{"0":4,"1":4,"2":4,"3":4,"4":4,"5":4,"6":4,"7":19,"8":19,"9":19,"10":82,"11":19,"12":82,"13":19,"14":3,"15":0,"16":3,"17":3,"18":2,"19":19,"20":1,"21":1,"22":1,"23":19,"24":19,"25":75,"26":5,"27":0,"28":1,"29":7,"30":6,"31":190,"32":190,"33":1900,"34":1900,"35":680,"36":2610,"37":1900,"38":2,"39":1,"40":4},"f":{"0":19,"1":82,"2":82,"3":3,"4":1,"5":75,"6":5,"7":0,"8":1,"9":7,"10":6,"11":190,"12":190,"13":1900,"14":680,"15":2610,"16":2,"17":1},"b":{"0":[0,3],"1":[2,1],"2":[1,0],"3":[1,0],"4":[15,4],"5":[6,69],"6":[15,6],"7":[5,1],"8":[1,5],"9":[19,3],"10":[6,13],"11":[2610,180],"12":[600,1300],"13":[15,1885],"14":[15,1885]}}
,"/home/ubuntu/battleship-game/battleship-frontend/src/components/VictoryModal.tsx": {"path":"/home/ubuntu/battleship-game/battleship-frontend/src/components/VictoryModal.tsx","statementMap":{"0":{"start":{"line":1,"column":0},"end":{"line":1,"column":26}},"1":{"start":{"line":2,"column":0},"end":{"line":2,"column":50}},"2":{"start":{"line":3,"column":0},"end":{"line":3,"column":null}},"3":{"start":{"line":10,"column":0},"end":{"line":10,"column":37}},"4":{"start":{"line":11,"column":0},"end":{"line":11,"column":35}},"5":{"start":{"line":13,"column":38},"end":{"line":139,"column":1}},"6":{"start":{"line":14,"column":63},"end":{"line":14,"column":77}},"7":{"start":{"line":16,"column":17},"end":{"line":16,"column":36}},"8":{"start":{"line":18,"column":26},"end":{"line":20,"column":3}},"9":{"start":{"line":19,"column":4},"end":{"line":19,"column":16}},"10":{"start":{"line":22,"column":23},"end":{"line":42,"column":3}},"11":{"start":{"line":23,"column":23},"end":{"line":23,"column":47}},"12":{"start":{"line":24,"column":21},"end":{"line":24,"column":43}},"13":{"start":{"line":25,"column":22},"end":{"line":28,"column":13}},"14":{"start":{"line":26,"column":19},"end":{"line":26,"column":54}},"15":{"start":{"line":27,"column":6},"end":{"line":27,"column":40}},"16":{"start":{"line":29,"column":20},"end":{"line":32,"column":13}},"17":{"start":{"line":30,"column":19},"end":{"line":30,"column":56}},"18":{"start":{"line":31,"column":6},"end":{"line":31,"column":40}},"19":{"start":{"line":34,"column":4},"end":{"line":41,"column":6}},"20":{"start":{"line":44,"column":16},"end":{"line":44,"column":30}},"21":{"start":{"line":46,"column":2},"end":{"line":138,"column":4}},"22":{"start":{"line":103,"column":18},"end":{"line":104,"column":null}},"23":{"start":{"line":118,"column":18},"end":{"line":119,"column":null}},"24":{"start":{"line":13,"column":13},"end":{"line":13,"column":38}}},"fnMap":{"0":{"name":"(anonymous_0)","decl":{"start":{"line":13,"column":38},"end":{"line":13,"column":41}},"loc":{"start":{"line":13,"column":43},"end":{"line":139,"column":1}}},"1":{"name":"(anonymous_1)","decl":{"start":{"line":18,"column":26},"end":{"line":18,"column":29}},"loc":{"start":{"line":18,"column":31},"end":{"line":20,"column":3}}},"2":{"name":"(anonymous_2)","decl":{"start":{"line":22,"column":23},"end":{"line":22,"column":26}},"loc":{"start":{"line":22,"column":28},"end":{"line":42,"column":3}}},"3":{"name":"(anonymous_3)","decl":{"start":{"line":25,"column":47},"end":{"line":25,"column":51}},"loc":{"start":{"line":25,"column":54},"end":{"line":28,"column":5}}},"4":{"name":"(anonymous_4)","decl":{"start":{"line":29,"column":43},"end":{"line":29,"column":47}},"loc":{"start":{"line":29,"column":50},"end":{"line":32,"column":5}}},"5":{"name":"(anonymous_5)","decl":{"start":{"line":47,"column":40},"end":{"line":47,"column":43}},"loc":{"start":{"line":47,"column":45},"end":{"line":47,"column":48}}},"6":{"name":"(anonymous_6)","decl":{"start":{"line":102,"column":39},"end":{"line":102,"column":43}},"loc":{"start":{"line":103,"column":18},"end":{"line":104,"column":null}}},"7":{"name":"(anonymous_7)","decl":{"start":{"line":117,"column":37},"end":{"line":117,"column":41}},"loc":{"start":{"line":118,"column":18},"end":{"line":119,"column":null}}}},"branchMap":{"0":{"loc":{"start":{"line":27,"column":13},"end":{"line":27,"column":39}},"type":"binary-expr","locations":[{"start":{"line":27,"column":13},"end":{"line":27,"column":23}},{"start":{"line":27,"column":27},"end":{"line":27,"column":39}}]},"1":{"loc":{"start":{"line":31,"column":13},"end":{"line":31,"column":39}},"type":"binary-expr","locations":[{"start":{"line":31,"column":13},"end":{"line":31,"column":23}},{"start":{"line":31,"column":27},"end":{"line":31,"column":39}}]},"2":{"loc":{"start":{"line":39,"column":21},"end":{"line":39,"column":84}},"type":"cond-expr","locations":[{"start":{"line":39,"column":38},"end":{"line":39,"column":80}},{"start":{"line":39,"column":83},"end":{"line":39,"column":84}}]},"3":{"loc":{"start":{"line":40,"column":19},"end":{"line":40,"column":76}},"type":"cond-expr","locations":[{"start":{"line":40,"column":34},"end":{"line":40,"column":72}},{"start":{"line":40,"column":75},"end":{"line":40,"column":76}}]},"4":{"loc":{"start":{"line":51,"column":13},"end":{"line":51,"column":62}},"type":"cond-expr","locations":[{"start":{"line":51,"column":34},"end":{"line":51,"column":47}},{"start":{"line":51,"column":50},"end":{"line":51,"column":62}}]},"5":{"loc":{"start":{"line":54,"column":13},"end":{"line":56,"column":55}},"type":"cond-expr","locations":[{"start":{"line":55,"column":16},"end":{"line":55,"column":60}},{"start":{"line":56,"column":16},"end":{"line":56,"column":55}}]},"6":{"loc":{"start":{"line":105,"column":29},"end":{"line":105,"column":68}},"type":"cond-expr","locations":[{"start":{"line":105,"column":43},"end":{"line":105,"column":56}},{"start":{"line":105,"column":59},"end":{"line":105,"column":68}}]},"7":{"loc":{"start":{"line":108,"column":33},"end":{"line":108,"column":58}},"type":"cond-expr","locations":[{"start":{"line":108,"column":47},"end":{"line":108,"column":51}},{"start":{"line":108,"column":54},"end":{"line":108,"column":58}}]},"8":{"loc":{"start":{"line":120,"column":29},"end":{"line":120,"column":68}},"type":"cond-expr","locations":[{"start":{"line":120,"column":43},"end":{"line":120,"column":56}},{"start":{"line":120,"column":59},"end":{"line":120,"column":68}}]},"9":{"loc":{"start":{"line":123,"column":33},"end":{"line":123,"column":58}},"type":"cond-expr","locations":[{"start":{"line":123,"column":47},"end":{"line":123,"column":51}},{"start":{"line":123,"column":54},"end":{"line":123,"column":58}}]}},"s":{"0":4,"1":4,"2":4,"3":4,"4":4,"5":4,"6":14,"7":14,"8":14,"9":1,"10":14,"11":14,"12":14,"13":14,"14":3,"15":3,"16":14,"17":2,"18":2,"19":14,"20":14,"21":14,"22":9,"23":9,"24":4},"f":{"0":14,"1":1,"2":14,"3":3,"4":2,"5":0,"6":9,"7":9},"b":{"0":[3,0],"1":[2,0],"2":[1,13],"3":[1,13],"4":[7,7],"5":[7,7],"6":[3,6],"7":[3,6],"8":[3,6],"9":[3,6]}}
,"/home/ubuntu/battleship-game/battleship-frontend/src/lib/utils.ts": {"path":"/home/ubuntu/battleship-game/battleship-frontend/src/lib/utils.ts","statementMap":{"0":{"start":{"line":4,"column":0},"end":{"line":4,"column":16}},"1":{"start":{"line":1,"column":0},"end":{"line":1,"column":44}},"2":{"start":{"line":2,"column":0},"end":{"line":2,"column":40}},"3":{"start":{"line":5,"column":2},"end":{"line":5,"column":null}}},"fnMap":{"0":{"name":"cn","decl":{"start":{"line":4,"column":16},"end":{"line":4,"column":18}},"loc":{"start":{"line":4,"column":42},"end":{"line":6,"column":1}}}},"branchMap":{},"s":{"0":10,"1":10,"2":10,"3":6097},"f":{"0":6097},"b":{}}
,"/home/ubuntu/battleship-game/battleship-frontend/src/store/gameStore.ts": {"path":"/home/ubuntu/battleship-game/battleship-frontend/src/store/gameStore.ts","statementMap":{"0":{"start":{"line":1,"column":0},"end":{"line":1,"column":33}},"1":{"start":{"line":2,"column":0},"end":{"line":2,"column":99}},"2":{"start":{"line":12,"column":25},"end":{"line":21,"column":1}},"3":{"start":{"line":13,"column":2},"end":{"line":20,"column":4}},"4":{"start":{"line":14,"column":4},"end":{"line":19,"column":7}},"5":{"start":{"line":14,"column":52},"end":{"line":19,"column":6}},"6":{"start":{"line":23,"column":21},"end":{"line":36,"column":2}},"7":{"start":{"line":23,"column":60},"end":{"line":36,"column":2}},"8":{"start":{"line":27,"column":37},"end":{"line":34,"column":4}},"9":{"start":{"line":38,"column":25},"end":{"line":73,"column":1}},"10":{"start":{"line":44,"column":23},"end":{"line":44,"column":38}},"11":{"start":{"line":45,"column":21},"end":{"line":45,"column":25}},"12":{"start":{"line":47,"column":2},"end":{"line":47,"column":62}},"13":{"start":{"line":47,"column":49},"end":{"line":47,"column":62}},"14":{"start":{"line":48,"column":2},"end":{"line":48,"column":63}},"15":{"start":{"line":48,"column":50},"end":{"line":48,"column":63}},"16":{"start":{"line":50,"column":2},"end":{"line":70,"column":3}},"17":{"start":{"line":50,"column":15},"end":{"line":50,"column":16}},"18":{"start":{"line":51,"column":21},"end":{"line":51,"column":49}},"19":{"start":{"line":52,"column":21},"end":{"line":52,"column":49}},"20":{"start":{"line":54,"column":4},"end":{"line":54,"column":56}},"21":{"start":{"line":54,"column":43},"end":{"line":54,"column":56}},"22":{"start":{"line":56,"column":4},"end":{"line":69,"column":5}},"23":{"start":{"line":56,"column":18},"end":{"line":56,"column":20}},"24":{"start":{"line":57,"column":6},"end":{"line":68,"column":7}},"25":{"start":{"line":57,"column":20},"end":{"line":57,"column":22}},"26":{"start":{"line":58,"column":23},"end":{"line":58,"column":36}},"27":{"start":{"line":59,"column":23},"end":{"line":59,"column":36}},"28":{"start":{"line":61,"column":8},"end":{"line":67,"column":9}},"29":{"start":{"line":66,"column":10},"end":{"line":66,"column":23}},"30":{"start":{"line":72,"column":2},"end":{"line":72,"column":14}},"31":{"start":{"line":75,"column":25},"end":{"line":94,"column":1}},"32":{"start":{"line":81,"column":19},"end":{"line":81,"column":67}},"33":{"start":{"line":81,"column":36},"end":{"line":81,"column":66}},"34":{"start":{"line":81,"column":53},"end":{"line":81,"column":64}},"35":{"start":{"line":82,"column":36},"end":{"line":82,"column":38}},"36":{"start":{"line":84,"column":2},"end":{"line":91,"column":3}},"37":{"start":{"line":84,"column":15},"end":{"line":84,"column":16}},"38":{"start":{"line":85,"column":16},"end":{"line":85,"column":76}},"39":{"start":{"line":86,"column":16},"end":{"line":86,"column":76}},"40":{"start":{"line":88,"column":4},"end":{"line":88,"column":38}},"41":{"start":{"line":89,"column":4},"end":{"line":89,"column":40}},"42":{"start":{"line":90,"column":4},"end":{"line":90,"column":35}},"43":{"start":{"line":93,"column":2},"end":{"line":93,"column":18}},"44":{"start":{"line":96,"column":25},"end":{"line":138,"column":1}},"45":{"start":{"line":97,"column":14},"end":{"line":97,"column":32}},"46":{"start":{"line":98,"column":16},"end":{"line":105,"column":5}},"47":{"start":{"line":98,"column":44},"end":{"line":105,"column":4}},"48":{"start":{"line":107,"column":2},"end":{"line":135,"column":3}},"49":{"start":{"line":108,"column":17},"end":{"line":108,"column":22}},"50":{"start":{"line":109,"column":19},"end":{"line":109,"column":20}},"51":{"start":{"line":111,"column":4},"end":{"line":134,"column":5}},"52":{"start":{"line":112,"column":27},"end":{"line":112,"column":46}},"53":{"start":{"line":113,"column":21},"end":{"line":113,"column":73}},"54":{"start":{"line":114,"column":21},"end":{"line":114,"column":73}},"55":{"start":{"line":116,"column":30},"end":{"line":119,"column":8}},"56":{"start":{"line":121,"column":6},"end":{"line":132,"column":7}},"57":{"start":{"line":122,"column":8},"end":{"line":122,"column":77}},"58":{"start":{"line":123,"column":8},"end":{"line":123,"column":41}},"59":{"start":{"line":125,"column":8},"end":{"line":129,"column":9}},"60":{"start":{"line":125,"column":21},"end":{"line":125,"column":22}},"61":{"start":{"line":126,"column":22},"end":{"line":126,"column":82}},"62":{"start":{"line":127,"column":22},"end":{"line":127,"column":82}},"63":{"start":{"line":128,"column":10},"end":{"line":128,"column":46}},"64":{"start":{"line":131,"column":8},"end":{"line":131,"column":22}},"65":{"start":{"line":133,"column":6},"end":{"line":133,"column":17}},"66":{"start":{"line":137,"column":2},"end":{"line":137,"column":26}},"67":{"start":{"line":140,"column":13},"end":{"line":274,"column":4}},"68":{"start":{"line":140,"column":61},"end":{"line":274,"column":2}},"69":{"start":{"line":147,"column":49},"end":{"line":147,"column":67}},"70":{"start":{"line":149,"column":4},"end":{"line":160,"column":7}},"71":{"start":{"line":164,"column":28},"end":{"line":164,"column":33}},"72":{"start":{"line":165,"column":17},"end":{"line":165,"column":61}},"73":{"start":{"line":165,"column":45},"end":{"line":165,"column":60}},"74":{"start":{"line":167,"column":4},"end":{"line":167,"column":28}},"75":{"start":{"line":167,"column":15},"end":{"line":167,"column":28}},"76":{"start":{"line":169,"column":4},"end":{"line":171,"column":5}},"77":{"start":{"line":170,"column":6},"end":{"line":170,"column":19}},"78":{"start":{"line":173,"column":21},"end":{"line":173,"column":93}},"79":{"start":{"line":174,"column":38},"end":{"line":174,"column":40}},"80":{"start":{"line":176,"column":4},"end":{"line":180,"column":5}},"81":{"start":{"line":176,"column":17},"end":{"line":176,"column":18}},"82":{"start":{"line":177,"column":18},"end":{"line":177,"column":78}},"83":{"start":{"line":178,"column":18},"end":{"line":178,"column":78}},"84":{"start":{"line":179,"column":6},"end":{"line":179,"column":37}},"85":{"start":{"line":182,"column":24},"end":{"line":186,"column":6}},"86":{"start":{"line":188,"column":25},"end":{"line":189,"column":null}},"87":{"start":{"line":189,"column":6},"end":{"line":189,"column":39}},"88":{"start":{"line":192,"column":4},"end":{"line":198,"column":7}},"89":{"start":{"line":200,"column":4},"end":{"line":200,"column":16}},"90":{"start":{"line":204,"column":18},"end":{"line":204,"column":23}},"91":{"start":{"line":205,"column":54},"end":{"line":205,"column":59}},"92":{"start":{"line":207,"column":4},"end":{"line":207,"column":41}},"93":{"start":{"line":207,"column":34},"end":{"line":207,"column":41}},"94":{"start":{"line":209,"column":25},"end":{"line":209,"column":76}},"95":{"start":{"line":210,"column":27},"end":{"line":210,"column":78}},"96":{"start":{"line":212,"column":23},"end":{"line":212,"column":73}},"97":{"start":{"line":214,"column":4},"end":{"line":214,"column":54}},"98":{"start":{"line":214,"column":47},"end":{"line":214,"column":54}},"99":{"start":{"line":216,"column":27},"end":{"line":217,"column":null}},"100":{"start":{"line":217,"column":6},"end":{"line":217,"column":36}},"101":{"start":{"line":217,"column":23},"end":{"line":217,"column":34}},"102":{"start":{"line":220,"column":42},"end":{"line":220,"column":48}},"103":{"start":{"line":223,"column":4},"end":{"line":241,"column":5}},"104":{"start":{"line":224,"column":6},"end":{"line":224,"column":66}},"105":{"start":{"line":225,"column":6},"end":{"line":225,"column":21}},"106":{"start":{"line":227,"column":22},"end":{"line":227,"column":84}},"107":{"start":{"line":227,"column":54},"end":{"line":227,"column":83}},"108":{"start":{"line":228,"column":6},"end":{"line":238,"column":7}},"109":{"start":{"line":229,"column":8},"end":{"line":229,"column":32}},"110":{"start":{"line":230,"column":23},"end":{"line":231,"column":null}},"111":{"start":{"line":231,"column":10},"end":{"line":231,"column":52}},"112":{"start":{"line":234,"column":8},"end":{"line":237,"column":9}},"113":{"start":{"line":235,"column":10},"end":{"line":235,"column":26}},"114":{"start":{"line":236,"column":10},"end":{"line":236,"column":32}},"115":{"start":{"line":240,"column":6},"end":{"line":240,"column":67}},"116":{"start":{"line":243,"column":32},"end":{"line":246,"column":6}},"117":{"start":{"line":248,"column":34},"end":{"line":251,"column":6}},"118":{"start":{"line":253,"column":25},"end":{"line":253,"column":77}},"119":{"start":{"line":253,"column":65},"end":{"line":253,"column":76}},"120":{"start":{"line":254,"column":19},"end":{"line":254,"column":59}},"121":{"start":{"line":255,"column":18},"end":{"line":255,"column":47}},"122":{"start":{"line":257,"column":4},"end":{"line":264,"column":7}},"123":{"start":{"line":268,"column":4},"end":{"line":268,"column":27}},"124":{"start":{"line":272,"column":4},"end":{"line":272,"column":19}}},"fnMap":{"0":{"name":"(anonymous_0)","decl":{"start":{"line":12,"column":25},"end":{"line":12,"column":35}},"loc":{"start":{"line":12,"column":37},"end":{"line":21,"column":1}}},"1":{"name":"(anonymous_1)","decl":{"start":{"line":13,"column":44},"end":{"line":13,"column":45}},"loc":{"start":{"line":14,"column":4},"end":{"line":19,"column":7}}},"2":{"name":"(anonymous_2)","decl":{"start":{"line":14,"column":39},"end":{"line":14,"column":40}},"loc":{"start":{"line":14,"column":52},"end":{"line":19,"column":6}}},"3":{"name":"(anonymous_3)","decl":{"start":{"line":23,"column":21},"end":{"line":23,"column":22}},"loc":{"start":{"line":23,"column":60},"end":{"line":36,"column":2}}},"4":{"name":"(anonymous_4)","decl":{"start":{"line":27,"column":24},"end":{"line":27,"column":32}},"loc":{"start":{"line":27,"column":37},"end":{"line":34,"column":4}}},"5":{"name":"(anonymous_5)","decl":{"start":{"line":38,"column":25},"end":{"line":38,"column":null}},"loc":{"start":{"line":43,"column":13},"end":{"line":73,"column":1}}},"6":{"name":"(anonymous_6)","decl":{"start":{"line":75,"column":25},"end":{"line":75,"column":null}},"loc":{"start":{"line":80,"column":11},"end":{"line":94,"column":1}}},"7":{"name":"(anonymous_7)","decl":{"start":{"line":81,"column":29},"end":{"line":81,"column":32}},"loc":{"start":{"line":81,"column":36},"end":{"line":81,"column":66}}},"8":{"name":"(anonymous_8)","decl":{"start":{"line":81,"column":44},"end":{"line":81,"column":48}},"loc":{"start":{"line":81,"column":53},"end":{"line":81,"column":64}}},"9":{"name":"(anonymous_9)","decl":{"start":{"line":96,"column":25},"end":{"line":96,"column":61}},"loc":{"start":{"line":96,"column":63},"end":{"line":138,"column":1}}},"10":{"name":"(anonymous_10)","decl":{"start":{"line":98,"column":31},"end":{"line":98,"column":39}},"loc":{"start":{"line":98,"column":44},"end":{"line":105,"column":4}}},"11":{"name":"(anonymous_11)","decl":{"start":{"line":140,"column":46},"end":{"line":140,"column":47}},"loc":{"start":{"line":140,"column":61},"end":{"line":274,"column":2}}},"12":{"name":"(anonymous_12)","decl":{"start":{"line":146,"column":18},"end":{"line":146,"column":21}},"loc":{"start":{"line":146,"column":23},"end":{"line":161,"column":3}}},"13":{"name":"(anonymous_13)","decl":{"start":{"line":163,"column":13},"end":{"line":163,"column":14}},"loc":{"start":{"line":163,"column":84},"end":{"line":201,"column":3}}},"14":{"name":"(anonymous_14)","decl":{"start":{"line":165,"column":40},"end":{"line":165,"column":41}},"loc":{"start":{"line":165,"column":45},"end":{"line":165,"column":60}}},"15":{"name":"(anonymous_15)","decl":{"start":{"line":188,"column":47},"end":{"line":188,"column":48}},"loc":{"start":{"line":189,"column":6},"end":{"line":189,"column":39}}},"16":{"name":"(anonymous_16)","decl":{"start":{"line":203,"column":12},"end":{"line":203,"column":13}},"loc":{"start":{"line":203,"column":39},"end":{"line":265,"column":3}}},"17":{"name":"(anonymous_17)","decl":{"start":{"line":216,"column":50},"end":{"line":216,"column":53}},"loc":{"start":{"line":217,"column":6},"end":{"line":217,"column":36}}},"18":{"name":"(anonymous_18)","decl":{"start":{"line":217,"column":14},"end":{"line":217,"column":18}},"loc":{"start":{"line":217,"column":23},"end":{"line":217,"column":34}}},"19":{"name":"(anonymous_19)","decl":{"start":{"line":227,"column":46},"end":{"line":227,"column":50}},"loc":{"start":{"line":227,"column":54},"end":{"line":227,"column":83}}},"20":{"name":"(anonymous_20)","decl":{"start":{"line":230,"column":49},"end":{"line":230,"column":54}},"loc":{"start":{"line":231,"column":10},"end":{"line":231,"column":52}}},"21":{"name":"(anonymous_21)","decl":{"start":{"line":253,"column":57},"end":{"line":253,"column":61}},"loc":{"start":{"line":253,"column":65},"end":{"line":253,"column":76}}},"22":{"name":"(anonymous_22)","decl":{"start":{"line":267,"column":13},"end":{"line":267,"column":16}},"loc":{"start":{"line":267,"column":18},"end":{"line":269,"column":3}}},"23":{"name":"(anonymous_23)","decl":{"start":{"line":271,"column":12},"end":{"line":271,"column":13}},"loc":{"start":{"line":271,"column":22},"end":{"line":273,"column":3}}}},"branchMap":{"0":{"loc":{"start":{"line":47,"column":2},"end":{"line":47,"column":62}},"type":"if","locations":[{"start":{"line":47,"column":2},"end":{"line":47,"column":62}},{"start":{},"end":{}}]},"1":{"loc":{"start":{"line":47,"column":6},"end":{"line":47,"column":47}},"type":"binary-expr","locations":[{"start":{"line":47,"column":6},"end":{"line":47,"column":18}},{"start":{"line":47,"column":22},"end":{"line":47,"column":47}}]},"2":{"loc":{"start":{"line":48,"column":2},"end":{"line":48,"column":63}},"type":"if","locations":[{"start":{"line":48,"column":2},"end":{"line":48,"column":63}},{"start":{},"end":{}}]},"3":{"loc":{"start":{"line":48,"column":6},"end":{"line":48,"column":48}},"type":"binary-expr","locations":[{"start":{"line":48,"column":6},"end":{"line":48,"column":19}},{"start":{"line":48,"column":23},"end":{"line":48,"column":48}}]},"4":{"loc":{"start":{"line":51,"column":21},"end":{"line":51,"column":49}},"type":"cond-expr","locations":[{"start":{"line":51,"column":36},"end":{"line":51,"column":39}},{"start":{"line":51,"column":42},"end":{"line":51,"column":49}}]},"5":{"loc":{"start":{"line":52,"column":21},"end":{"line":52,"column":49}},"type":"cond-expr","locations":[{"start":{"line":52,"column":36},"end":{"line":52,"column":43}},{"start":{"line":52,"column":46},"end":{"line":52,"column":49}}]},"6":{"loc":{"start":{"line":54,"column":4},"end":{"line":54,"column":56}},"type":"if","locations":[{"start":{"line":54,"column":4},"end":{"line":54,"column":56}},{"start":{},"end":{}}]},"7":{"loc":{"start":{"line":61,"column":8},"end":{"line":67,"column":9}},"type":"if","locations":[{"start":{"line":61,"column":8},"end":{"line":67,"column":9}},{"start":{},"end":{}}]},"8":{"loc":{"start":{"line":62,"column":10},"end":{"line":64,"column":39}},"type":"binary-expr","locations":[{"start":{"line":62,"column":10},"end":{"line":62,"column":21}},{"start":{"line":62,"column":25},"end":{"line":62,"column":44}},{"start":{"line":63,"column":10},"end":{"line":63,"column":21}},{"start":{"line":63,"column":25},"end":{"line":63,"column":44}},{"start":{"line":64,"column":10},"end":{"line":64,"column":39}}]},"9":{"loc":{"start":{"line":85,"column":16},"end":{"line":85,"column":76}},"type":"cond-expr","locations":[{"start":{"line":85,"column":31},"end":{"line":85,"column":50}},{"start":{"line":85,"column":53},"end":{"line":85,"column":76}}]},"10":{"loc":{"start":{"line":86,"column":16},"end":{"line":86,"column":76}},"type":"cond-expr","locations":[{"start":{"line":86,"column":31},"end":{"line":86,"column":54}},{"start":{"line":86,"column":57},"end":{"line":86,"column":76}}]},"11":{"loc":{"start":{"line":111,"column":11},"end":{"line":111,"column":36}},"type":"binary-expr","locations":[{"start":{"line":111,"column":11},"end":{"line":111,"column":18}},{"start":{"line":111,"column":22},"end":{"line":111,"column":36}}]},"12":{"loc":{"start":{"line":113,"column":21},"end":{"line":113,"column":73}},"type":"cond-expr","locations":[{"start":{"line":113,"column":36},"end":{"line":113,"column":46}},{"start":{"line":113,"column":49},"end":{"line":113,"column":73}}]},"13":{"loc":{"start":{"line":114,"column":21},"end":{"line":114,"column":73}},"type":"cond-expr","locations":[{"start":{"line":114,"column":36},"end":{"line":114,"column":60}},{"start":{"line":114,"column":63},"end":{"line":114,"column":73}}]},"14":{"loc":{"start":{"line":121,"column":6},"end":{"line":132,"column":7}},"type":"if","locations":[{"start":{"line":121,"column":6},"end":{"line":132,"column":7}},{"start":{},"end":{}}]},"15":{"loc":{"start":{"line":126,"column":22},"end":{"line":126,"column":82}},"type":"cond-expr","locations":[{"start":{"line":126,"column":37},"end":{"line":126,"column":56}},{"start":{"line":126,"column":59},"end":{"line":126,"column":82}}]},"16":{"loc":{"start":{"line":127,"column":22},"end":{"line":127,"column":82}},"type":"cond-expr","locations":[{"start":{"line":127,"column":37},"end":{"line":127,"column":60}},{"start":{"line":127,"column":63},"end":{"line":127,"column":82}}]},"17":{"loc":{"start":{"line":167,"column":4},"end":{"line":167,"column":28}},"type":"if","locations":[{"start":{"line":167,"column":4},"end":{"line":167,"column":28}},{"start":{},"end":{}}]},"18":{"loc":{"start":{"line":169,"column":4},"end":{"line":171,"column":5}},"type":"if","locations":[{"start":{"line":169,"column":4},"end":{"line":171,"column":5}},{"start":{},"end":{}}]},"19":{"loc":{"start":{"line":177,"column":18},"end":{"line":177,"column":78}},"type":"cond-expr","locations":[{"start":{"line":177,"column":33},"end":{"line":177,"column":52}},{"start":{"line":177,"column":55},"end":{"line":177,"column":78}}]},"20":{"loc":{"start":{"line":178,"column":18},"end":{"line":178,"column":78}},"type":"cond-expr","locations":[{"start":{"line":178,"column":33},"end":{"line":178,"column":56}},{"start":{"line":178,"column":59},"end":{"line":178,"column":78}}]},"21":{"loc":{"start":{"line":189,"column":6},"end":{"line":189,"column":39}},"type":"cond-expr","locations":[{"start":{"line":189,"column":24},"end":{"line":189,"column":35}},{"start":{"line":189,"column":38},"end":{"line":189,"column":39}}]},"22":{"loc":{"start":{"line":207,"column":4},"end":{"line":207,"column":41}},"type":"if","locations":[{"start":{"line":207,"column":4},"end":{"line":207,"column":41}},{"start":{},"end":{}}]},"23":{"loc":{"start":{"line":209,"column":25},"end":{"line":209,"column":76}},"type":"cond-expr","locations":[{"start":{"line":209,"column":53},"end":{"line":209,"column":62}},{"start":{"line":209,"column":65},"end":{"line":209,"column":76}}]},"24":{"loc":{"start":{"line":210,"column":27},"end":{"line":210,"column":78}},"type":"cond-expr","locations":[{"start":{"line":210,"column":55},"end":{"line":210,"column":66}},{"start":{"line":210,"column":69},"end":{"line":210,"column":78}}]},"25":{"loc":{"start":{"line":214,"column":4},"end":{"line":214,"column":54}},"type":"if","locations":[{"start":{"line":214,"column":4},"end":{"line":214,"column":54}},{"start":{},"end":{}}]},"26":{"loc":{"start":{"line":214,"column":8},"end":{"line":214,"column":45}},"type":"binary-expr","locations":[{"start":{"line":214,"column":8},"end":{"line":214,"column":24}},{"start":{"line":214,"column":28},"end":{"line":214,"column":45}}]},"27":{"loc":{"start":{"line":223,"column":4},"end":{"line":241,"column":5}},"type":"if","locations":[{"start":{"line":223,"column":4},"end":{"line":241,"column":5}},{"start":{"line":239,"column":11},"end":{"line":241,"column":5}}]},"28":{"loc":{"start":{"line":228,"column":6},"end":{"line":238,"column":7}},"type":"if","locations":[{"start":{"line":228,"column":6},"end":{"line":238,"column":7}},{"start":{},"end":{}}]},"29":{"loc":{"start":{"line":234,"column":8},"end":{"line":237,"column":9}},"type":"if","locations":[{"start":{"line":234,"column":8},"end":{"line":237,"column":9}},{"start":{},"end":{}}]},"30":{"loc":{"start":{"line":254,"column":19},"end":{"line":254,"column":59}},"type":"cond-expr","locations":[{"start":{"line":254,"column":34},"end":{"line":254,"column":47}},{"start":{"line":254,"column":50},"end":{"line":254,"column":59}}]},"31":{"loc":{"start":{"line":255,"column":18},"end":{"line":255,"column":47}},"type":"cond-expr","locations":[{"start":{"line":255,"column":27},"end":{"line":255,"column":36}},{"start":{"line":255,"column":39},"end":{"line":255,"column":47}}]},"32":{"loc":{"start":{"line":258,"column":7},"end":{"line":258,"column":62}},"type":"cond-expr","locations":[{"start":{"line":258,"column":35},"end":{"line":258,"column":46}},{"start":{"line":258,"column":49},"end":{"line":258,"column":62}}]},"33":{"loc":{"start":{"line":259,"column":7},"end":{"line":259,"column":62}},"type":"cond-expr","locations":[{"start":{"line":259,"column":35},"end":{"line":259,"column":48}},{"start":{"line":259,"column":51},"end":{"line":259,"column":62}}]},"34":{"loc":{"start":{"line":260,"column":21},"end":{"line":260,"column":122}},"type":"cond-expr","locations":[{"start":{"line":260,"column":61},"end":{"line":260,"column":74}},{"start":{"line":260,"column":78},"end":{"line":260,"column":121}}]},"35":{"loc":{"start":{"line":260,"column":21},"end":{"line":260,"column":58}},"type":"binary-expr","locations":[{"start":{"line":260,"column":21},"end":{"line":260,"column":37}},{"start":{"line":260,"column":41},"end":{"line":260,"column":58}}]},"36":{"loc":{"start":{"line":260,"column":78},"end":{"line":260,"column":121}},"type":"cond-expr","locations":[{"start":{"line":260,"column":106},"end":{"line":260,"column":111}},{"start":{"line":260,"column":114},"end":{"line":260,"column":121}}]}},"s":{"0":8,"1":8,"2":8,"3":49,"4":490,"5":4900,"6":8,"7":38,"8":190,"9":8,"10":119,"11":119,"12":119,"13":1,"14":118,"15":1,"16":117,"17":117,"18":278,"19":278,"20":278,"21":23,"22":255,"23":255,"24":723,"25":723,"26":2137,"27":2137,"28":2137,"29":36,"30":58,"31":8,"32":58,"33":580,"34":5800,"35":58,"36":58,"37":58,"38":202,"39":202,"40":202,"41":202,"42":202,"43":58,"44":8,"45":11,"46":11,"47":55,"48":11,"49":55,"50":55,"51":55,"52":113,"53":113,"54":113,"55":113,"56":113,"57":55,"58":55,"59":55,"60":55,"61":187,"62":187,"63":187,"64":55,"65":113,"66":11,"67":8,"68":8,"69":11,"70":11,"71":6,"72":6,"73":7,"74":6,"75":0,"76":6,"77":3,"78":3,"79":3,"80":3,"81":3,"82":15,"83":15,"84":15,"85":3,"86":3,"87":15,"88":3,"89":3,"90":4,"91":4,"92":4,"93":0,"94":4,"95":4,"96":4,"97":4,"98":0,"99":4,"100":40,"101":400,"102":4,"103":4,"104":2,"105":2,"106":2,"107":10,"108":2,"109":2,"110":2,"111":2,"112":2,"113":0,"114":0,"115":2,"116":4,"117":4,"118":4,"119":4,"120":4,"121":4,"122":4,"123":1,"124":5},"f":{"0":49,"1":490,"2":4900,"3":38,"4":190,"5":119,"6":58,"7":580,"8":5800,"9":11,"10":55,"11":8,"12":11,"13":6,"14":7,"15":15,"16":4,"17":40,"18":400,"19":10,"20":2,"21":4,"22":1,"23":5},"b":{"0":[1,118],"1":[119,63],"2":[1,117],"3":[118,56],"4":[149,129],"5":[149,129],"6":[23,255],"7":[36,2101],"8":[2137,2011,1999,1915,1877],"9":[109,93],"10":[109,93],"11":[168,113],"12":[58,55],"13":[58,55],"14":[55,58],"15":[94,93],"16":[94,93],"17":[0,6],"18":[3,3],"19":[15,0],"20":[15,0],"21":[3,12],"22":[0,4],"23":[4,0],"24":[4,0],"25":[0,4],"26":[4,4],"27":[2,2],"28":[2,0],"29":[0,2],"30":[0,4],"31":[0,4],"32":[4,0],"33":[4,0],"34":[2,2],"35":[4,2],"36":[2,0]}}
,"/home/ubuntu/battleship-game/battleship-frontend/src/types/game.ts": {"path":"/home/ubuntu/battleship-game/battleship-frontend/src/types/game.ts","statementMap":{"0":{"start":{"line":48,"column":13},"end":{"line":54,"column":11}},"1":{"start":{"line":56,"column":13},"end":{"line":56,"column":29}},"2":{"start":{"line":57,"column":13},"end":{"line":57,"column":80}},"3":{"start":{"line":58,"column":13},"end":{"line":58,"column":61}}},"fnMap":{},"branchMap":{},"s":{"0":16,"1":16,"2":16,"3":16},"f":{},"b":{}}
}
