TN:
SF:src/App.tsx
FN:9,App
FN:18,(anonymous_1)
FN:22,(anonymous_2)
FN:26,(anonymous_3)
FN:27,(anonymous_4)
FN:33,(anonymous_5)
FNF:6
FNH:5
FNDA:6,App
FNDA:6,(anonymous_1)
FNDA:0,(anonymous_2)
FNDA:1,(anonymous_3)
FNDA:1,(anonymous_4)
FNDA:1,(anonymous_5)
DA:1,2
DA:2,2
DA:3,2
DA:4,2
DA:5,2
DA:6,2
DA:7,2
DA:16,6
DA:18,6
DA:19,6
DA:22,6
DA:23,0
DA:26,6
DA:27,1
DA:28,1
DA:29,1
DA:33,6
DA:34,1
DA:37,6
DA:93,2
LF:20
LH:19
BRDA:28,0,0,1
BRDA:28,0,1,0
BRDA:47,1,0,6
BRDA:47,1,1,3
BRDA:57,2,0,6
BRDA:57,2,1,2
BRDA:64,3,0,6
BRDA:64,3,1,3
BRF:8
BRH:7
end_of_record
TN:
SF:src/components/BattleScreen.tsx
FN:8,(anonymous_0)
FN:17,(anonymous_1)
FN:23,(anonymous_2)
FN:25,(anonymous_3)
FN:32,(anonymous_4)
FN:36,(anonymous_5)
FN:40,(anonymous_6)
FN:50,(anonymous_7)
FN:65,(anonymous_8)
FN:80,(anonymous_9)
FN:97,(anonymous_10)
FN:120,(anonymous_11)
FN:121,(anonymous_12)
FN:163,(anonymous_13)
FN:191,(anonymous_14)
FNF:15
FNH:15
FNDA:16,(anonymous_0)
FNDA:1,(anonymous_1)
FNDA:16,(anonymous_2)
FNDA:5,(anonymous_3)
FNDA:6,(anonymous_4)
FNDA:5,(anonymous_5)
FNDA:52,(anonymous_6)
FNDA:2,(anonymous_7)
FNDA:3775,(anonymous_8)
FNDA:3775,(anonymous_9)
FNDA:2,(anonymous_10)
FNDA:32,(anonymous_11)
FNDA:30,(anonymous_12)
FNDA:15,(anonymous_13)
FNDA:15,(anonymous_14)
DA:1,5
DA:2,5
DA:3,5
DA:4,5
DA:5,5
DA:8,5
DA:15,16
DA:17,16
DA:18,1
DA:19,1
DA:23,16
DA:24,16
DA:25,6
DA:26,5
DA:27,5
DA:28,5
DA:32,6
DA:36,16
DA:37,5
DA:38,5
DA:40,5
DA:41,52
DA:42,52
DA:45,5
DA:46,2
DA:47,2
DA:49,2
DA:50,2
DA:51,2
DA:54,2
DA:55,2
DA:61,3
DA:63,3
DA:64,30
DA:65,300
DA:66,3775
DA:69,300
DA:70,250
DA:71,100
DA:77,3
DA:78,1
DA:79,10
DA:80,100
DA:81,3775
DA:84,100
DA:85,50
DA:91,3
DA:93,3
DA:94,3
DA:97,16
DA:98,2
DA:99,2
DA:101,2
DA:108,2
DA:109,8
DA:110,8
DA:112,8
DA:113,4
DA:117,2
DA:120,16
DA:121,32
DA:127,16
DA:128,16
DA:130,16
DA:164,15
DA:192,15
LF:66
LH:66
BRDA:18,0,0,1
BRDA:18,0,1,0
BRDA:24,1,0,6
BRDA:24,1,1,10
BRDA:27,2,0,5
BRDA:27,2,1,0
BRDA:42,3,0,52
BRDA:42,3,1,2
BRDA:45,4,0,2
BRDA:45,4,1,3
BRDA:51,5,0,2
BRDA:51,5,1,0
BRDA:54,6,0,2
BRDA:54,6,1,0
BRDA:66,7,0,3775
BRDA:66,7,1,400
BRDA:69,8,0,250
BRDA:69,8,1,50
BRDA:70,9,0,100
BRDA:70,9,1,150
BRDA:77,10,0,1
BRDA:77,10,1,2
BRDA:81,11,0,3775
BRDA:81,11,1,400
BRDA:84,12,0,50
BRDA:84,12,1,50
BRDA:91,13,0,0
BRDA:91,13,1,3
BRDA:112,14,0,4
BRDA:112,14,1,4
BRDA:112,15,0,8
BRDA:112,15,1,7
BRDA:112,15,2,6
BRDA:112,15,3,5
BRDA:136,16,0,10
BRDA:136,16,1,6
BRDA:137,17,0,10
BRDA:137,17,1,6
BRDA:142,18,0,16
BRDA:142,18,1,4
BRDA:147,19,0,1
BRDA:147,19,1,3
BRDA:148,20,0,1
BRDA:148,20,1,2
BRDA:151,21,0,1
BRDA:151,21,1,3
BRDA:166,22,0,0
BRDA:166,22,1,15
BRDA:169,23,0,0
BRDA:169,23,1,15
BRDA:194,24,0,1
BRDA:194,24,1,14
BRDA:197,25,0,1
BRDA:197,25,1,14
BRF:54
BRH:47
end_of_record
TN:
SF:src/components/GameBoard.tsx
FN:13,(anonymous_0)
FN:20,(anonymous_1)
FN:26,(anonymous_2)
FN:33,(anonymous_3)
FN:41,(anonymous_4)
FN:61,(anonymous_5)
FN:71,(anonymous_6)
FN:79,(anonymous_7)
FN:83,(anonymous_8)
FN:84,(anonymous_9)
FNF:10
FNH:10
FNDA:39,(anonymous_0)
FNDA:4,(anonymous_1)
FNDA:2,(anonymous_2)
FNDA:3700,(anonymous_3)
FNDA:3700,(anonymous_4)
FNDA:390,(anonymous_5)
FNDA:370,(anonymous_6)
FNDA:3700,(anonymous_7)
FNDA:2,(anonymous_8)
FNDA:2,(anonymous_9)
DA:1,6
DA:2,6
DA:3,6
DA:13,6
DA:20,39
DA:21,4
DA:22,4
DA:26,39
DA:27,2
DA:28,2
DA:29,2
DA:33,39
DA:34,3700
DA:35,3697
DA:36,3697
DA:37,3696
DA:38,3695
DA:41,39
DA:42,3700
DA:54,39
DA:62,390
DA:72,370
DA:80,3700
DA:83,2
DA:84,2
LF:25
LH:25
BRDA:15,0,0,23
BRDA:17,1,0,6
BRDA:21,2,0,4
BRDA:21,2,1,0
BRDA:27,3,0,2
BRDA:27,3,1,0
BRDA:27,4,0,2
BRDA:27,4,1,1
BRDA:34,5,0,3
BRDA:34,5,1,3697
BRDA:34,6,0,3700
BRDA:34,6,1,3
BRDA:35,7,0,0
BRDA:35,7,1,3697
BRDA:36,8,0,1
BRDA:36,8,1,3696
BRDA:37,9,0,1
BRDA:37,9,1,3695
BRDA:37,10,0,3696
BRDA:37,10,1,1598
BRDA:46,11,0,3700
BRDA:46,11,1,3
BRDA:48,12,0,3700
BRDA:48,12,1,1600
BRDA:48,12,2,3
BRDA:49,13,0,3700
BRDA:49,13,1,3697
BRDA:49,13,2,3696
BRDA:49,13,3,1598
BRDA:85,14,0,1800
BRDA:85,14,1,1900
BRDA:86,15,0,1800
BRDA:86,15,1,1900
BRDA:88,16,0,3
BRDA:88,16,1,3697
BRDA:88,17,0,3700
BRDA:88,17,1,3
BRDA:89,18,0,1
BRDA:89,18,1,3696
BRDA:90,19,0,1
BRDA:90,19,1,3695
BRDA:90,20,0,3696
BRDA:90,20,1,1598
BRF:43
BRH:40
end_of_record
TN:
SF:src/components/ShipPlacement.tsx
FN:14,(anonymous_0)
FN:22,(anonymous_1)
FN:23,(anonymous_2)
FN:25,(anonymous_3)
FN:34,(anonymous_4)
FN:57,(anonymous_5)
FN:62,(anonymous_6)
FN:76,(anonymous_7)
FN:83,(anonymous_8)
FN:104,(anonymous_9)
FN:119,(anonymous_10)
FN:129,(anonymous_11)
FN:139,(anonymous_12)
FN:147,(anonymous_13)
FN:149,(anonymous_14)
FN:150,(anonymous_15)
FN:166,(anonymous_16)
FN:167,(anonymous_17)
FNF:18
FNH:17
FNDA:19,(anonymous_0)
FNDA:82,(anonymous_1)
FNDA:82,(anonymous_2)
FNDA:3,(anonymous_3)
FNDA:1,(anonymous_4)
FNDA:75,(anonymous_5)
FNDA:5,(anonymous_6)
FNDA:0,(anonymous_7)
FNDA:1,(anonymous_8)
FNDA:7,(anonymous_9)
FNDA:6,(anonymous_10)
FNDA:190,(anonymous_11)
FNDA:190,(anonymous_12)
FNDA:1900,(anonymous_13)
FNDA:680,(anonymous_14)
FNDA:2610,(anonymous_15)
FNDA:2,(anonymous_16)
FNDA:1,(anonymous_17)
DA:1,4
DA:2,4
DA:3,4
DA:4,4
DA:5,4
DA:6,4
DA:14,4
DA:19,19
DA:20,19
DA:22,82
DA:23,82
DA:25,19
DA:26,3
DA:28,3
DA:29,3
DA:30,2
DA:34,19
DA:35,1
DA:36,1
DA:37,1
DA:41,19
DA:43,19
DA:58,75
DA:62,5
DA:76,0
DA:83,1
DA:105,7
DA:119,6
DA:130,190
DA:140,190
DA:148,1900
DA:149,1900
DA:150,680
DA:151,2610
DA:155,1900
DA:166,2
DA:167,1
LF:37
LH:36
BRDA:26,0,0,0
BRDA:26,0,1,3
BRDA:29,1,0,2
BRDA:29,1,1,1
BRDA:35,2,0,1
BRDA:35,2,1,0
BRDA:35,3,0,1
BRDA:35,3,1,0
BRDA:54,4,0,15
BRDA:54,4,1,4
BRDA:60,5,0,6
BRDA:60,5,1,69
BRDA:69,6,0,15
BRDA:69,6,1,6
BRDA:75,7,0,5
BRDA:75,7,1,1
BRDA:82,8,0,1
BRDA:82,8,1,5
BRDA:100,9,0,19
BRDA:100,9,1,3
BRDA:118,10,0,6
BRDA:118,10,1,13
BRDA:151,11,0,2610
BRDA:151,11,1,180
BRDA:168,12,0,600
BRDA:168,12,1,1300
BRDA:170,13,0,15
BRDA:170,13,1,1885
BRDA:172,14,0,15
BRDA:172,14,1,1885
BRF:30
BRH:27
end_of_record
TN:
SF:src/components/VictoryModal.tsx
FN:13,(anonymous_0)
FN:18,(anonymous_1)
FN:22,(anonymous_2)
FN:25,(anonymous_3)
FN:29,(anonymous_4)
FN:47,(anonymous_5)
FN:102,(anonymous_6)
FN:117,(anonymous_7)
FNF:8
FNH:7
FNDA:14,(anonymous_0)
FNDA:1,(anonymous_1)
FNDA:14,(anonymous_2)
FNDA:3,(anonymous_3)
FNDA:2,(anonymous_4)
FNDA:0,(anonymous_5)
FNDA:9,(anonymous_6)
FNDA:9,(anonymous_7)
DA:1,4
DA:2,4
DA:3,4
DA:10,4
DA:11,4
DA:13,4
DA:14,14
DA:16,14
DA:18,14
DA:19,1
DA:22,14
DA:23,14
DA:24,14
DA:25,14
DA:26,3
DA:27,3
DA:29,14
DA:30,2
DA:31,2
DA:34,14
DA:44,14
DA:46,14
DA:103,9
DA:118,9
LF:24
LH:24
BRDA:27,0,0,3
BRDA:27,0,1,0
BRDA:31,1,0,2
BRDA:31,1,1,0
BRDA:39,2,0,1
BRDA:39,2,1,13
BRDA:40,3,0,1
BRDA:40,3,1,13
BRDA:51,4,0,7
BRDA:51,4,1,7
BRDA:54,5,0,7
BRDA:54,5,1,7
BRDA:105,6,0,3
BRDA:105,6,1,6
BRDA:108,7,0,3
BRDA:108,7,1,6
BRDA:120,8,0,3
BRDA:120,8,1,6
BRDA:123,9,0,3
BRDA:123,9,1,6
BRF:20
BRH:18
end_of_record
TN:
SF:src/lib/utils.ts
FN:4,cn
FNF:1
FNH:1
FNDA:6097,cn
DA:1,10
DA:2,10
DA:4,10
DA:5,6097
LF:4
LH:4
BRF:0
BRH:0
end_of_record
TN:
SF:src/store/gameStore.ts
FN:12,(anonymous_0)
FN:13,(anonymous_1)
FN:14,(anonymous_2)
FN:23,(anonymous_3)
FN:27,(anonymous_4)
FN:38,(anonymous_5)
FN:75,(anonymous_6)
FN:81,(anonymous_7)
FN:81,(anonymous_8)
FN:96,(anonymous_9)
FN:98,(anonymous_10)
FN:140,(anonymous_11)
FN:146,(anonymous_12)
FN:163,(anonymous_13)
FN:165,(anonymous_14)
FN:188,(anonymous_15)
FN:203,(anonymous_16)
FN:216,(anonymous_17)
FN:217,(anonymous_18)
FN:227,(anonymous_19)
FN:230,(anonymous_20)
FN:253,(anonymous_21)
FN:267,(anonymous_22)
FN:271,(anonymous_23)
FNF:24
FNH:24
FNDA:49,(anonymous_0)
FNDA:490,(anonymous_1)
FNDA:4900,(anonymous_2)
FNDA:38,(anonymous_3)
FNDA:190,(anonymous_4)
FNDA:119,(anonymous_5)
FNDA:58,(anonymous_6)
FNDA:580,(anonymous_7)
FNDA:5800,(anonymous_8)
FNDA:11,(anonymous_9)
FNDA:55,(anonymous_10)
FNDA:8,(anonymous_11)
FNDA:11,(anonymous_12)
FNDA:6,(anonymous_13)
FNDA:7,(anonymous_14)
FNDA:15,(anonymous_15)
FNDA:4,(anonymous_16)
FNDA:40,(anonymous_17)
FNDA:400,(anonymous_18)
FNDA:10,(anonymous_19)
FNDA:2,(anonymous_20)
FNDA:4,(anonymous_21)
FNDA:1,(anonymous_22)
FNDA:5,(anonymous_23)
DA:1,8
DA:2,8
DA:12,8
DA:13,49
DA:14,4900
DA:23,38
DA:27,190
DA:38,8
DA:44,119
DA:45,119
DA:47,119
DA:48,118
DA:50,117
DA:51,278
DA:52,278
DA:54,278
DA:56,255
DA:57,723
DA:58,2137
DA:59,2137
DA:61,2137
DA:66,36
DA:72,58
DA:75,8
DA:81,5800
DA:82,58
DA:84,58
DA:85,202
DA:86,202
DA:88,202
DA:89,202
DA:90,202
DA:93,58
DA:96,8
DA:97,11
DA:98,55
DA:107,11
DA:108,55
DA:109,55
DA:111,55
DA:112,113
DA:113,113
DA:114,113
DA:116,113
DA:121,113
DA:122,55
DA:123,55
DA:125,55
DA:126,187
DA:127,187
DA:128,187
DA:131,55
DA:133,113
DA:137,11
DA:140,8
DA:147,11
DA:149,11
DA:164,6
DA:165,7
DA:167,6
DA:169,6
DA:170,3
DA:173,3
DA:174,3
DA:176,3
DA:177,15
DA:178,15
DA:179,15
DA:182,3
DA:188,3
DA:189,15
DA:192,3
DA:200,3
DA:204,4
DA:205,4
DA:207,4
DA:209,4
DA:210,4
DA:212,4
DA:214,4
DA:216,4
DA:217,400
DA:220,4
DA:223,4
DA:224,2
DA:225,2
DA:227,10
DA:228,2
DA:229,2
DA:230,2
DA:231,2
DA:234,2
DA:235,0
DA:236,0
DA:240,2
DA:243,4
DA:248,4
DA:253,4
DA:254,4
DA:255,4
DA:257,4
DA:268,1
DA:272,5
LF:103
LH:101
BRDA:47,0,0,1
BRDA:47,0,1,118
BRDA:47,1,0,119
BRDA:47,1,1,63
BRDA:48,2,0,1
BRDA:48,2,1,117
BRDA:48,3,0,118
BRDA:48,3,1,56
BRDA:51,4,0,149
BRDA:51,4,1,129
BRDA:52,5,0,149
BRDA:52,5,1,129
BRDA:54,6,0,23
BRDA:54,6,1,255
BRDA:61,7,0,36
BRDA:61,7,1,2101
BRDA:62,8,0,2137
BRDA:62,8,1,2011
BRDA:62,8,2,1999
BRDA:62,8,3,1915
BRDA:62,8,4,1877
BRDA:85,9,0,109
BRDA:85,9,1,93
BRDA:86,10,0,109
BRDA:86,10,1,93
BRDA:111,11,0,168
BRDA:111,11,1,113
BRDA:113,12,0,58
BRDA:113,12,1,55
BRDA:114,13,0,58
BRDA:114,13,1,55
BRDA:121,14,0,55
BRDA:121,14,1,58
BRDA:126,15,0,94
BRDA:126,15,1,93
BRDA:127,16,0,94
BRDA:127,16,1,93
BRDA:167,17,0,0
BRDA:167,17,1,6
BRDA:169,18,0,3
BRDA:169,18,1,3
BRDA:177,19,0,15
BRDA:177,19,1,0
BRDA:178,20,0,15
BRDA:178,20,1,0
BRDA:189,21,0,3
BRDA:189,21,1,12
BRDA:207,22,0,0
BRDA:207,22,1,4
BRDA:209,23,0,4
BRDA:209,23,1,0
BRDA:210,24,0,4
BRDA:210,24,1,0
BRDA:214,25,0,0
BRDA:214,25,1,4
BRDA:214,26,0,4
BRDA:214,26,1,4
BRDA:223,27,0,2
BRDA:223,27,1,2
BRDA:228,28,0,2
BRDA:228,28,1,0
BRDA:234,29,0,0
BRDA:234,29,1,2
BRDA:254,30,0,0
BRDA:254,30,1,4
BRDA:255,31,0,0
BRDA:255,31,1,4
BRDA:258,32,0,4
BRDA:258,32,1,0
BRDA:259,33,0,4
BRDA:259,33,1,0
BRDA:260,34,0,2
BRDA:260,34,1,2
BRDA:260,35,0,4
BRDA:260,35,1,2
BRDA:260,36,0,2
BRDA:260,36,1,0
BRF:77
BRH:63
end_of_record
TN:
SF:src/types/game.ts
FNF:0
FNH:0
DA:48,16
DA:56,16
DA:57,16
DA:58,16
LF:4
LH:4
BRF:0
BRH:0
end_of_record
